[debug] [2021-05-30T07:26:17.529Z] ----------------------------------------------------------------------
[debug] [2021-05-30T07:26:17.532Z] Command:       C:\Program Files\nodejs\node.exe C:\Users\User\AppData\Roaming\npm\node_modules\firebase-tools\lib\bin\firebase.js deploy
[debug] [2021-05-30T07:26:17.532Z] CLI Version:   8.11.2
[debug] [2021-05-30T07:26:17.532Z] Platform:      win32
[debug] [2021-05-30T07:26:17.532Z] Node Version:  v12.18.3
[debug] [2021-05-30T07:26:17.534Z] Time:          Sun May 30 2021 13:26:17 GMT+0600 (GMT+06:00)
[debug] [2021-05-30T07:26:17.534Z] ----------------------------------------------------------------------
[debug] [2021-05-30T07:26:17.535Z] 
[debug] [2021-05-30T07:26:17.799Z] > command requires scopes: ["email","openid","https://www.googleapis.com/auth/cloudplatformprojects.readonly","https://www.googleapis.com/auth/firebase","https://www.googleapis.com/auth/cloud-platform"]
[debug] [2021-05-30T07:26:17.800Z] > authorizing via signed-in user
[debug] [2021-05-30T07:26:17.800Z] [iam] checking project website-f5daf for permissions ["cloudfunctions.functions.create","cloudfunctions.functions.delete","cloudfunctions.functions.get","cloudfunctions.functions.list","cloudfunctions.functions.update","cloudfunctions.operations.get","firebase.projects.get","firebasedatabase.instances.update","firebasehosting.sites.update"]
[debug] [2021-05-30T07:26:17.803Z] > refreshing access token with scopes: ["email","https://www.googleapis.com/auth/cloud-platform","https://www.googleapis.com/auth/cloudplatformprojects.readonly","https://www.googleapis.com/auth/firebase","openid"]
[debug] [2021-05-30T07:26:17.804Z] >>> HTTP REQUEST POST https://www.googleapis.com/oauth2/v3/token  
 <request body omitted>
[debug] [2021-05-30T07:26:18.134Z] <<< HTTP RESPONSE 200 {"cache-control":"no-cache, no-store, max-age=0, must-revalidate","date":"Sun, 30 May 2021 07:26:17 GMT","pragma":"no-cache","expires":"Mon, 01 Jan 1990 00:00:00 GMT","content-type":"application/json; charset=utf-8","vary":"X-Origin, Referer, Origin,Accept-Encoding","server":"scaffolding on HTTPServer2","x-xss-protection":"0","x-frame-options":"SAMEORIGIN","x-content-type-options":"nosniff","alt-svc":"h3-29=\":443\"; ma=2592000,h3-T051=\":443\"; ma=2592000,h3-Q050=\":443\"; ma=2592000,h3-Q046=\":443\"; ma=2592000,h3-Q043=\":443\"; ma=2592000,quic=\":443\"; ma=2592000; v=\"46,43\"","accept-ranges":"none","transfer-encoding":"chunked"}
[debug] [2021-05-30T07:26:18.316Z] >>> HTTP REQUEST POST https://cloudresourcemanager.googleapis.com/v1/projects/website-f5daf:testIamPermissions  
 {"permissions":["cloudfunctions.functions.create","cloudfunctions.functions.delete","cloudfunctions.functions.get","cloudfunctions.functions.list","cloudfunctions.functions.update","cloudfunctions.operations.get","firebase.projects.get","firebasedatabase.instances.update","firebasehosting.sites.update"]}
[debug] [2021-05-30T07:26:19.396Z] <<< HTTP RESPONSE 200 {"content-type":"application/json; charset=UTF-8","vary":"X-Origin, Referer, Origin,Accept-Encoding","date":"Sun, 30 May 2021 07:26:19 GMT","server":"ESF","cache-control":"private","x-xss-protection":"0","x-frame-options":"SAMEORIGIN","x-content-type-options":"nosniff","server-timing":"gfet4t7; dur=773","alt-svc":"h3-29=\":443\"; ma=2592000,h3-T051=\":443\"; ma=2592000,h3-Q050=\":443\"; ma=2592000,h3-Q046=\":443\"; ma=2592000,h3-Q043=\":443\"; ma=2592000,quic=\":443\"; ma=2592000; v=\"46,43\"","accept-ranges":"none","transfer-encoding":"chunked"}
[debug] [2021-05-30T07:26:19.397Z] >>> HTTP REQUEST POST https://iam.googleapis.com/v1/projects/website-f5daf/serviceAccounts/website-f5daf@appspot.gserviceaccount.com:testIamPermissions  
 {"permissions":["iam.serviceAccounts.actAs"]}
[debug] [2021-05-30T07:26:20.443Z] <<< HTTP RESPONSE 200 {"content-type":"application/json; charset=UTF-8","vary":"X-Origin, Referer, Origin,Accept-Encoding","date":"Sun, 30 May 2021 07:26:20 GMT","server":"ESF","cache-control":"private","x-xss-protection":"0","x-frame-options":"SAMEORIGIN","x-content-type-options":"nosniff","alt-svc":"h3-29=\":443\"; ma=2592000,h3-T051=\":443\"; ma=2592000,h3-Q050=\":443\"; ma=2592000,h3-Q046=\":443\"; ma=2592000,h3-Q043=\":443\"; ma=2592000,quic=\":443\"; ma=2592000; v=\"46,43\"","accept-ranges":"none","transfer-encoding":"chunked"}
[debug] [2021-05-30T07:26:20.444Z] >>> HTTP REQUEST GET https://firebase.googleapis.com/v1beta1/projects/website-f5daf  
 
[debug] [2021-05-30T07:26:20.831Z] <<< HTTP RESPONSE 200 {"content-type":"application/json; charset=UTF-8","vary":"X-Origin, Referer, Origin,Accept-Encoding","date":"Sun, 30 May 2021 07:26:20 GMT","server":"ESF","cache-control":"private","x-xss-protection":"0","x-frame-options":"SAMEORIGIN","x-content-type-options":"nosniff","alt-svc":"h3-29=\":443\"; ma=2592000,h3-T051=\":443\"; ma=2592000,h3-Q050=\":443\"; ma=2592000,h3-Q046=\":443\"; ma=2592000,h3-Q043=\":443\"; ma=2592000,quic=\":443\"; ma=2592000; v=\"46,43\"","accept-ranges":"none","transfer-encoding":"chunked"}
[warn] !  functions: package.json indicates an outdated version of firebase-functions.
Please upgrade using npm install --save firebase-functions@latest in your functions directory. 
[info] 
[info] === Deploying to 'website-f5daf'...
[info] 
[info] i  deploying database, functions, hosting 
[info] Running command: npm --prefix "$RESOURCE_DIR" run lint
[info] +  functions: Finished running predeploy script. 
[info] i  database: checking rules syntax... 
[debug] [2021-05-30T07:27:24.826Z] >>> HTTP REQUEST PUT https://website-f5daf.firebaseio.com/.settings/rules.json?dryRun=true  
 {
  "rules": {
    ".read": "now < 1604426400000",  // 2020-11-4
    ".write": "now < 1604426400000",  // 2020-11-4
  }
}
[debug] [2021-05-30T07:27:25.627Z] <<< HTTP RESPONSE 200 {"server":"nginx","date":"Sun, 30 May 2021 07:27:25 GMT","content-type":"application/json; charset=utf-8","content-length":"15","connection":"keep-alive","access-control-allow-origin":"*","cache-control":"no-cache","strict-transport-security":"max-age=31556926; includeSubDomains; preload"}
[info] +  database: rules syntax for database website-f5daf is valid 
[debug] [2021-05-30T07:27:25.630Z] > [functions] package.json contents: {
  "name": "functions",
  "description": "Cloud Functions for Firebase",
  "scripts": {
    "lint": "eslint .",
    "serve": "firebase emulators:start --only functions",
    "shell": "firebase functions:shell",
    "start": "npm run shell",
    "deploy": "firebase deploy --only functions",
    "logs": "firebase functions:log"
  },
  "engines": {
    "node": "10"
  },
  "main": "index.js",
  "dependencies": {
    "busboy": "^0.3.1",
    "cors": "^2.8.5",
    "express": "^4.17.1",
    "firebase": "^7.23.0",
    "firebase-admin": "^8.10.0",
    "firebase-functions": "^3.6.1",
    "stripe": "^8.107.0"
  },
  "devDependencies": {
    "eslint": "^5.12.0",
    "eslint-plugin-promise": "^4.0.1",
    "firebase-functions-test": "^0.2.0"
  },
  "private": true
}
[info] i  functions: ensuring required API cloudfunctions.googleapis.com is enabled... 
[info] i  functions: ensuring required API cloudbuild.googleapis.com is enabled... 
[debug] [2021-05-30T07:27:28.928Z] >>> HTTP REQUEST GET https://serviceusage.googleapis.com/v1/projects/website-f5daf/services/cloudfunctions.googleapis.com  
 
[debug] [2021-05-30T07:27:28.929Z] >>> HTTP REQUEST GET https://serviceusage.googleapis.com/v1/projects/website-f5daf/services/runtimeconfig.googleapis.com  
 
[debug] [2021-05-30T07:27:28.929Z] >>> HTTP REQUEST GET https://serviceusage.googleapis.com/v1/projects/website-f5daf/services/cloudbuild.googleapis.com  
 
[debug] [2021-05-30T07:27:30.197Z] <<< HTTP RESPONSE 200 {"content-type":"application/json; charset=UTF-8","vary":"X-Origin, Referer, Origin,Accept-Encoding","date":"Sun, 30 May 2021 07:27:29 GMT","server":"ESF","cache-control":"private","x-xss-protection":"0","x-frame-options":"SAMEORIGIN","x-content-type-options":"nosniff","alt-svc":"h3-29=\":443\"; ma=2592000,h3-T051=\":443\"; ma=2592000,h3-Q050=\":443\"; ma=2592000,h3-Q046=\":443\"; ma=2592000,h3-Q043=\":443\"; ma=2592000,quic=\":443\"; ma=2592000; v=\"46,43\"","accept-ranges":"none","transfer-encoding":"chunked"}
[debug] [2021-05-30T07:27:30.318Z] <<< HTTP RESPONSE 200 {"content-type":"application/json; charset=UTF-8","vary":"X-Origin, Referer, Origin,Accept-Encoding","date":"Sun, 30 May 2021 07:27:29 GMT","server":"ESF","cache-control":"private","x-xss-protection":"0","x-frame-options":"SAMEORIGIN","x-content-type-options":"nosniff","alt-svc":"h3-29=\":443\"; ma=2592000,h3-T051=\":443\"; ma=2592000,h3-Q050=\":443\"; ma=2592000,h3-Q046=\":443\"; ma=2592000,h3-Q043=\":443\"; ma=2592000,quic=\":443\"; ma=2592000; v=\"46,43\"","accept-ranges":"none","transfer-encoding":"chunked"}
[info] +  functions: required API cloudbuild.googleapis.com is enabled 
[debug] [2021-05-30T07:27:30.349Z] <<< HTTP RESPONSE 200 {"content-type":"application/json; charset=UTF-8","vary":"X-Origin, Referer, Origin,Accept-Encoding","date":"Sun, 30 May 2021 07:27:29 GMT","server":"ESF","cache-control":"private","x-xss-protection":"0","x-frame-options":"SAMEORIGIN","x-content-type-options":"nosniff","alt-svc":"h3-29=\":443\"; ma=2592000,h3-T051=\":443\"; ma=2592000,h3-Q050=\":443\"; ma=2592000,h3-Q046=\":443\"; ma=2592000,h3-Q043=\":443\"; ma=2592000,quic=\":443\"; ma=2592000; v=\"46,43\"","accept-ranges":"none","transfer-encoding":"chunked"}
[info] +  functions: required API cloudfunctions.googleapis.com is enabled 
[debug] [2021-05-30T07:27:30.351Z] >>> HTTP REQUEST GET https://firebase.googleapis.com/v1beta1/projects/website-f5daf/adminSdkConfig  
 
[debug] [2021-05-30T07:27:30.860Z] <<< HTTP RESPONSE 200 {"content-type":"application/json; charset=UTF-8","vary":"X-Origin, Referer, Origin,Accept-Encoding","date":"Sun, 30 May 2021 07:27:30 GMT","server":"ESF","cache-control":"private","x-xss-protection":"0","x-frame-options":"SAMEORIGIN","x-content-type-options":"nosniff","alt-svc":"h3-29=\":443\"; ma=2592000,h3-T051=\":443\"; ma=2592000,h3-Q050=\":443\"; ma=2592000,h3-Q046=\":443\"; ma=2592000,h3-Q043=\":443\"; ma=2592000,quic=\":443\"; ma=2592000; v=\"46,43\"","accept-ranges":"none","transfer-encoding":"chunked"}
[debug] [2021-05-30T07:27:30.862Z] >>> HTTP REQUEST POST https://firebasehosting.googleapis.com/v1beta1/sites/website-f5daf/versions  
 {"config":{"rewrites":[{"glob":"**","path":"/index.html"}]},"labels":{"deployment-tool":"cli-firebase"}}
[debug] [2021-05-30T07:27:32.574Z] <<< HTTP RESPONSE 200 {"content-type":"application/json; charset=UTF-8","vary":"X-Origin, Referer, Origin,Accept-Encoding","date":"Sun, 30 May 2021 07:27:32 GMT","server":"ESF","cache-control":"private","x-xss-protection":"0","x-frame-options":"SAMEORIGIN","x-content-type-options":"nosniff","alt-svc":"h3-29=\":443\"; ma=2592000,h3-T051=\":443\"; ma=2592000,h3-Q050=\":443\"; ma=2592000,h3-Q046=\":443\"; ma=2592000,h3-Q043=\":443\"; ma=2592000,quic=\":443\"; ma=2592000; v=\"46,43\"","accept-ranges":"none","transfer-encoding":"chunked"}
[info] i  functions: preparing functions directory for uploading... 
[debug] [2021-05-30T07:27:32.576Z] >>> HTTP REQUEST GET https://runtimeconfig.googleapis.com/v1beta1/projects/website-f5daf/configs  
 
[debug] [2021-05-30T07:27:33.684Z] <<< HTTP RESPONSE 200 {"content-type":"application/json; charset=UTF-8","vary":"X-Origin, Referer, Origin,Accept-Encoding","date":"Sun, 30 May 2021 07:27:33 GMT","server":"ESF","cache-control":"private","x-xss-protection":"0","x-frame-options":"SAMEORIGIN","x-content-type-options":"nosniff","alt-svc":"h3-29=\":443\"; ma=2592000,h3-T051=\":443\"; ma=2592000,h3-Q050=\":443\"; ma=2592000,h3-Q046=\":443\"; ma=2592000,h3-Q043=\":443\"; ma=2592000,quic=\":443\"; ma=2592000; v=\"46,43\"","accept-ranges":"none","transfer-encoding":"chunked"}
[info] i  functions: packaged functions (51.74 KB) for uploading 
[debug] [2021-05-30T07:27:51.089Z] >>> HTTP REQUEST GET https://cloudfunctions.googleapis.com/v1/projects/website-f5daf/locations/-/functions  
 
[debug] [2021-05-30T07:27:51.911Z] <<< HTTP RESPONSE 200 {"content-type":"application/json; charset=UTF-8","vary":"X-Origin, Referer, Origin,Accept-Encoding","date":"Sun, 30 May 2021 07:27:51 GMT","server":"ESF","cache-control":"private","x-xss-protection":"0","x-frame-options":"SAMEORIGIN","x-content-type-options":"nosniff","alt-svc":"h3-29=\":443\"; ma=2592000,h3-T051=\":443\"; ma=2592000,h3-Q050=\":443\"; ma=2592000,h3-Q046=\":443\"; ma=2592000,h3-Q043=\":443\"; ma=2592000,quic=\":443\"; ma=2592000; v=\"46,43\"","accept-ranges":"none","transfer-encoding":"chunked"}
[debug] [2021-05-30T07:27:51.914Z] >>> HTTP REQUEST POST https://cloudfunctions.googleapis.com/v1/projects/website-f5daf/locations/us-central1/functions:generateUploadUrl  
 
[debug] [2021-05-30T07:27:53.014Z] <<< HTTP RESPONSE 200 {"content-type":"application/json; charset=UTF-8","vary":"X-Origin, Referer, Origin,Accept-Encoding","date":"Sun, 30 May 2021 07:27:52 GMT","server":"ESF","cache-control":"private","x-xss-protection":"0","x-frame-options":"SAMEORIGIN","x-content-type-options":"nosniff","alt-svc":"h3-29=\":443\"; ma=2592000,h3-T051=\":443\"; ma=2592000,h3-Q050=\":443\"; ma=2592000,h3-Q046=\":443\"; ma=2592000,h3-Q043=\":443\"; ma=2592000,quic=\":443\"; ma=2592000; v=\"46,43\"","accept-ranges":"none","transfer-encoding":"chunked"}
[debug] [2021-05-30T07:27:53.015Z] >>> HTTP REQUEST PUT https://storage.googleapis.com/gcf-upload-us-central1-161a2894-c982-418f-a278-dee7594fa922/c8631ba2-9b7d-43ea-ae99-164d5914a3cb.zip?GoogleAccessId=service-873800702670@gcf-admin-robot.iam.gserviceaccount.com&Expires=1622361472&Signature=hSUmO9f3dGGr2pIxw6YH%2F0DmZUnKWxfwyTl%2FbQW8qaF%2FeVDfTRHQ2QEG6t54Ls2OdDtFX6P7IBT6XAS2aExXZ3VCpTBGQkTUGWy2JUXkMqY6%2Bmq%2FQ%2F6ygvAqoErZSPtoA7WAQ9feenSlkcKefb4yG7LFcb272ae1zxaI8bT51FvGSXYAGkp6BERWZNA3D3LDBS4pZcZG0NtX9MaE05CSqLbqnEyAq7ohr2O0cUyJJBxElFmN%2FgK1jakX0aThfdywmTwMDrkTkTGG%2BVW5xw7%2BVlQX%2FRXpDBcZFBIT9znduDdR3cjdZjK3FHxq20DQxhODcj%2B7KkMR2nn%2F6nA%2B6%2BbmKQ%3D%3D  
 <request body omitted>
[debug] [2021-05-30T07:27:53.731Z] <<< HTTP RESPONSE 200 {"x-guploader-uploadid":"ABg5-UwPuoN00PIAo75v4ta9Ju9QPXV1FgkNXgMAdGaJtdYYYrt294R9InmBihvKbUooqAd2OX5_QxmqmowbKxg7nkSaH0olIQ","etag":"\"996073b5b28dc8d642a4ebb6c5f7aa76\"","x-goog-generation":"1622359673379054","x-goog-metageneration":"1","x-goog-hash":"crc32c=Yfj/pw==, md5=mWBztbKNyNZCpOu2xfeqdg==","x-goog-stored-content-length":"52984","x-goog-stored-content-encoding":"identity","vary":"Origin","content-length":"0","date":"Sun, 30 May 2021 07:27:53 GMT","server":"UploadServer","content-type":"text/html; charset=UTF-8","alt-svc":"h3-29=\":443\"; ma=2592000,h3-T051=\":443\"; ma=2592000,h3-Q050=\":443\"; ma=2592000,h3-Q046=\":443\"; ma=2592000,h3-Q043=\":443\"; ma=2592000,quic=\":443\"; ma=2592000; v=\"46,43\""}
[info] +  functions: functions folder uploaded successfully 
[info] i  hosting[website-f5daf]: beginning deploy... 
[info] i  hosting[website-f5daf]: found 384 files in build 
[debug] [2021-05-30T07:27:55.185Z] [hosting] hash cache [YnVpbGQ] stored for 384 files
[debug] [2021-05-30T07:27:55.188Z] [hosting][hash queue][FINAL] {"max":1200,"min":0,"avg":34.87661465965005,"active":0,"complete":384,"success":384,"errored":0,"retried":0,"total":384,"elapsed":1270}
[debug] [2021-05-30T07:27:55.189Z] >>> HTTP REQUEST POST https://firebasehosting.googleapis.com/v1beta1/sites/website-f5daf/versions/c237572e3de498d2:populateFiles  
 <request body omitted>
[debug] [2021-05-30T07:27:57.018Z] <<< HTTP RESPONSE 200 {"content-type":"application/json; charset=UTF-8","vary":"X-Origin, Referer, Origin,Accept-Encoding","date":"Sun, 30 May 2021 07:27:56 GMT","server":"ESF","cache-control":"private","x-xss-protection":"0","x-frame-options":"SAMEORIGIN","x-content-type-options":"nosniff","alt-svc":"h3-29=\":443\"; ma=2592000,h3-T051=\":443\"; ma=2592000,h3-Q050=\":443\"; ma=2592000,h3-Q046=\":443\"; ma=2592000,h3-Q043=\":443\"; ma=2592000,quic=\":443\"; ma=2592000; v=\"46,43\"","accept-ranges":"none","transfer-encoding":"chunked"}
[debug] [2021-05-30T07:27:57.019Z] [hosting][populate queue][FINAL] {"max":1841,"min":1841,"avg":1841,"active":0,"complete":1,"success":1,"errored":0,"retried":0,"total":1,"elapsed":1841}
[debug] [2021-05-30T07:27:57.020Z] [hosting] uploads queued: 0
[debug] [2021-05-30T07:27:57.020Z] [hosting][upload queue][FINAL] {"max":0,"min":9999999999,"avg":0,"active":0,"complete":0,"success":0,"errored":0,"retried":0,"total":0,"elapsed":1622359677020}
[info] +  hosting[website-f5daf]: file upload complete 
[debug] [2021-05-30T07:27:57.022Z] [hosting] deploy completed after 3288ms
[info] i  database: releasing rules... 
[debug] [2021-05-30T07:27:57.272Z] >>> HTTP REQUEST PUT https://website-f5daf.firebaseio.com/.settings/rules.json  
 {
  "rules": {
    ".read": "now < 1604426400000",  // 2020-11-4
    ".write": "now < 1604426400000",  // 2020-11-4
  }
}
[debug] [2021-05-30T07:27:57.891Z] <<< HTTP RESPONSE 200 {"server":"nginx","date":"Sun, 30 May 2021 07:27:57 GMT","content-type":"application/json; charset=utf-8","content-length":"15","connection":"keep-alive","access-control-allow-origin":"*","cache-control":"no-cache","strict-transport-security":"max-age=31556926; includeSubDomains; preload"}
[info] +  database: rules for database website-f5daf released successfully 
[info] i  functions: updating Node.js 10 function api(europe-west3)... 
[debug] [2021-05-30T07:27:57.899Z] Trigger is:  {"httpsTrigger":{}}
[info] i  functions: updating Node.js 10 function createNotificationOnLike(europe-west3)... 
[debug] [2021-05-30T07:27:57.901Z] Trigger is:  {"eventTrigger":{"resource":"projects/website-f5daf/databases/(default)/documents/SocialMediaApp/pageA/likes/{id}","eventType":"providers/cloud.firestore/eventTypes/document.create","service":"firestore.googleapis.com"}}
[info] i  functions: updating Node.js 10 function deleteNotificationOnLike(europe-west3)... 
[debug] [2021-05-30T07:27:57.903Z] Trigger is:  {"eventTrigger":{"resource":"projects/website-f5daf/databases/(default)/documents/SocialMediaApp/pageA/likes/{id}","eventType":"providers/cloud.firestore/eventTypes/document.delete","service":"firestore.googleapis.com"}}
[info] i  functions: updating Node.js 10 function createNotificationOnComment(europe-west3)... 
[debug] [2021-05-30T07:27:57.905Z] Trigger is:  {"eventTrigger":{"resource":"projects/website-f5daf/databases/(default)/documents/SocialMediaApp/pageA/comments/{id}","eventType":"providers/cloud.firestore/eventTypes/document.create","service":"firestore.googleapis.com"}}
[info] i  functions: updating Node.js 10 function onUserImageChange(europe-west3)... 
[debug] [2021-05-30T07:27:57.907Z] Trigger is:  {"eventTrigger":{"resource":"projects/website-f5daf/databases/(default)/documents/SocialMediaApp/pageA/users/{userId}","eventType":"providers/cloud.firestore/eventTypes/document.update","service":"firestore.googleapis.com"}}
[info] i  functions: updating Node.js 10 function onScreamDelete(europe-west3)... 
[debug] [2021-05-30T07:27:57.908Z] Trigger is:  {"eventTrigger":{"resource":"projects/website-f5daf/databases/(default)/documents/SocialMediaApp/pageA/screams/{screamId}","eventType":"providers/cloud.firestore/eventTypes/document.delete","service":"firestore.googleapis.com"}}
[debug] [2021-05-30T07:27:57.911Z] >>> HTTP REQUEST PATCH https://cloudfunctions.googleapis.com/v1/projects/website-f5daf/locations/europe-west3/functions/api {"updateMask":"sourceUploadUrl,name,labels,runtime,environmentVariables,httpsTrigger"} 
 {"sourceUploadUrl":"https://storage.googleapis.com/gcf-upload-us-central1-161a2894-c982-418f-a278-dee7594fa922/c8631ba2-9b7d-43ea-ae99-164d5914a3cb.zip?GoogleAccessId=service-873800702670@gcf-admin-robot.iam.gserviceaccount.com&Expires=1622361472&Signature=hSUmO9f3dGGr2pIxw6YH%2F0DmZUnKWxfwyTl%2FbQW8qaF%2FeVDfTRHQ2QEG6t54Ls2OdDtFX6P7IBT6XAS2aExXZ3VCpTBGQkTUGWy2JUXkMqY6%2Bmq%2FQ%2F6ygvAqoErZSPtoA7WAQ9feenSlkcKefb4yG7LFcb272ae1zxaI8bT51FvGSXYAGkp6BERWZNA3D3LDBS4pZcZG0NtX9MaE05CSqLbqnEyAq7ohr2O0cUyJJBxElFmN%2FgK1jakX0aThfdywmTwMDrkTkTGG%2BVW5xw7%2BVlQX%2FRXpDBcZFBIT9znduDdR3cjdZjK3FHxq20DQxhODcj%2B7KkMR2nn%2F6nA%2B6%2BbmKQ%3D%3D","name":"projects/website-f5daf/locations/europe-west3/functions/api","labels":{"deployment-tool":"cli-firebase"},"httpsTrigger":{},"runtime":"nodejs10","environmentVariables":{"FIREBASE_CONFIG":"{\"projectId\":\"website-f5daf\",\"databaseURL\":\"https://website-f5daf.firebaseio.com\",\"storageBucket\":\"website-f5daf.appspot.com\",\"locationId\":\"europe-west\"}"}}
[debug] [2021-05-30T07:27:57.913Z] >>> HTTP REQUEST PATCH https://cloudfunctions.googleapis.com/v1/projects/website-f5daf/locations/europe-west3/functions/createNotificationOnLike {"updateMask":"sourceUploadUrl,name,labels,runtime,environmentVariables,eventTrigger.resource,eventTrigger.eventType,eventTrigger.service,eventTrigger.failurePolicy"} 
 {"sourceUploadUrl":"https://storage.googleapis.com/gcf-upload-us-central1-161a2894-c982-418f-a278-dee7594fa922/c8631ba2-9b7d-43ea-ae99-164d5914a3cb.zip?GoogleAccessId=service-873800702670@gcf-admin-robot.iam.gserviceaccount.com&Expires=1622361472&Signature=hSUmO9f3dGGr2pIxw6YH%2F0DmZUnKWxfwyTl%2FbQW8qaF%2FeVDfTRHQ2QEG6t54Ls2OdDtFX6P7IBT6XAS2aExXZ3VCpTBGQkTUGWy2JUXkMqY6%2Bmq%2FQ%2F6ygvAqoErZSPtoA7WAQ9feenSlkcKefb4yG7LFcb272ae1zxaI8bT51FvGSXYAGkp6BERWZNA3D3LDBS4pZcZG0NtX9MaE05CSqLbqnEyAq7ohr2O0cUyJJBxElFmN%2FgK1jakX0aThfdywmTwMDrkTkTGG%2BVW5xw7%2BVlQX%2FRXpDBcZFBIT9znduDdR3cjdZjK3FHxq20DQxhODcj%2B7KkMR2nn%2F6nA%2B6%2BbmKQ%3D%3D","name":"projects/website-f5daf/locations/europe-west3/functions/createNotificationOnLike","labels":{"deployment-tool":"cli-firebase"},"eventTrigger":{"resource":"projects/website-f5daf/databases/(default)/documents/SocialMediaApp/pageA/likes/{id}","eventType":"providers/cloud.firestore/eventTypes/document.create","service":"firestore.googleapis.com"},"runtime":"nodejs10","environmentVariables":{"FIREBASE_CONFIG":"{\"projectId\":\"website-f5daf\",\"databaseURL\":\"https://website-f5daf.firebaseio.com\",\"storageBucket\":\"website-f5daf.appspot.com\",\"locationId\":\"europe-west\"}"}}
[debug] [2021-05-30T07:27:57.914Z] >>> HTTP REQUEST PATCH https://cloudfunctions.googleapis.com/v1/projects/website-f5daf/locations/europe-west3/functions/deleteNotificationOnLike {"updateMask":"sourceUploadUrl,name,labels,runtime,environmentVariables,eventTrigger.resource,eventTrigger.eventType,eventTrigger.service,eventTrigger.failurePolicy"} 
 {"sourceUploadUrl":"https://storage.googleapis.com/gcf-upload-us-central1-161a2894-c982-418f-a278-dee7594fa922/c8631ba2-9b7d-43ea-ae99-164d5914a3cb.zip?GoogleAccessId=service-873800702670@gcf-admin-robot.iam.gserviceaccount.com&Expires=1622361472&Signature=hSUmO9f3dGGr2pIxw6YH%2F0DmZUnKWxfwyTl%2FbQW8qaF%2FeVDfTRHQ2QEG6t54Ls2OdDtFX6P7IBT6XAS2aExXZ3VCpTBGQkTUGWy2JUXkMqY6%2Bmq%2FQ%2F6ygvAqoErZSPtoA7WAQ9feenSlkcKefb4yG7LFcb272ae1zxaI8bT51FvGSXYAGkp6BERWZNA3D3LDBS4pZcZG0NtX9MaE05CSqLbqnEyAq7ohr2O0cUyJJBxElFmN%2FgK1jakX0aThfdywmTwMDrkTkTGG%2BVW5xw7%2BVlQX%2FRXpDBcZFBIT9znduDdR3cjdZjK3FHxq20DQxhODcj%2B7KkMR2nn%2F6nA%2B6%2BbmKQ%3D%3D","name":"projects/website-f5daf/locations/europe-west3/functions/deleteNotificationOnLike","labels":{"deployment-tool":"cli-firebase"},"eventTrigger":{"resource":"projects/website-f5daf/databases/(default)/documents/SocialMediaApp/pageA/likes/{id}","eventType":"providers/cloud.firestore/eventTypes/document.delete","service":"firestore.googleapis.com"},"runtime":"nodejs10","environmentVariables":{"FIREBASE_CONFIG":"{\"projectId\":\"website-f5daf\",\"databaseURL\":\"https://website-f5daf.firebaseio.com\",\"storageBucket\":\"website-f5daf.appspot.com\",\"locationId\":\"europe-west\"}"}}
[debug] [2021-05-30T07:27:57.914Z] >>> HTTP REQUEST PATCH https://cloudfunctions.googleapis.com/v1/projects/website-f5daf/locations/europe-west3/functions/createNotificationOnComment {"updateMask":"sourceUploadUrl,name,labels,runtime,environmentVariables,eventTrigger.resource,eventTrigger.eventType,eventTrigger.service,eventTrigger.failurePolicy"} 
 {"sourceUploadUrl":"https://storage.googleapis.com/gcf-upload-us-central1-161a2894-c982-418f-a278-dee7594fa922/c8631ba2-9b7d-43ea-ae99-164d5914a3cb.zip?GoogleAccessId=service-873800702670@gcf-admin-robot.iam.gserviceaccount.com&Expires=1622361472&Signature=hSUmO9f3dGGr2pIxw6YH%2F0DmZUnKWxfwyTl%2FbQW8qaF%2FeVDfTRHQ2QEG6t54Ls2OdDtFX6P7IBT6XAS2aExXZ3VCpTBGQkTUGWy2JUXkMqY6%2Bmq%2FQ%2F6ygvAqoErZSPtoA7WAQ9feenSlkcKefb4yG7LFcb272ae1zxaI8bT51FvGSXYAGkp6BERWZNA3D3LDBS4pZcZG0NtX9MaE05CSqLbqnEyAq7ohr2O0cUyJJBxElFmN%2FgK1jakX0aThfdywmTwMDrkTkTGG%2BVW5xw7%2BVlQX%2FRXpDBcZFBIT9znduDdR3cjdZjK3FHxq20DQxhODcj%2B7KkMR2nn%2F6nA%2B6%2BbmKQ%3D%3D","name":"projects/website-f5daf/locations/europe-west3/functions/createNotificationOnComment","labels":{"deployment-tool":"cli-firebase"},"eventTrigger":{"resource":"projects/website-f5daf/databases/(default)/documents/SocialMediaApp/pageA/comments/{id}","eventType":"providers/cloud.firestore/eventTypes/document.create","service":"firestore.googleapis.com"},"runtime":"nodejs10","environmentVariables":{"FIREBASE_CONFIG":"{\"projectId\":\"website-f5daf\",\"databaseURL\":\"https://website-f5daf.firebaseio.com\",\"storageBucket\":\"website-f5daf.appspot.com\",\"locationId\":\"europe-west\"}"}}
[debug] [2021-05-30T07:27:57.915Z] >>> HTTP REQUEST PATCH https://cloudfunctions.googleapis.com/v1/projects/website-f5daf/locations/europe-west3/functions/onUserImageChange {"updateMask":"sourceUploadUrl,name,labels,runtime,environmentVariables,eventTrigger.resource,eventTrigger.eventType,eventTrigger.service,eventTrigger.failurePolicy"} 
 {"sourceUploadUrl":"https://storage.googleapis.com/gcf-upload-us-central1-161a2894-c982-418f-a278-dee7594fa922/c8631ba2-9b7d-43ea-ae99-164d5914a3cb.zip?GoogleAccessId=service-873800702670@gcf-admin-robot.iam.gserviceaccount.com&Expires=1622361472&Signature=hSUmO9f3dGGr2pIxw6YH%2F0DmZUnKWxfwyTl%2FbQW8qaF%2FeVDfTRHQ2QEG6t54Ls2OdDtFX6P7IBT6XAS2aExXZ3VCpTBGQkTUGWy2JUXkMqY6%2Bmq%2FQ%2F6ygvAqoErZSPtoA7WAQ9feenSlkcKefb4yG7LFcb272ae1zxaI8bT51FvGSXYAGkp6BERWZNA3D3LDBS4pZcZG0NtX9MaE05CSqLbqnEyAq7ohr2O0cUyJJBxElFmN%2FgK1jakX0aThfdywmTwMDrkTkTGG%2BVW5xw7%2BVlQX%2FRXpDBcZFBIT9znduDdR3cjdZjK3FHxq20DQxhODcj%2B7KkMR2nn%2F6nA%2B6%2BbmKQ%3D%3D","name":"projects/website-f5daf/locations/europe-west3/functions/onUserImageChange","labels":{"deployment-tool":"cli-firebase"},"eventTrigger":{"resource":"projects/website-f5daf/databases/(default)/documents/SocialMediaApp/pageA/users/{userId}","eventType":"providers/cloud.firestore/eventTypes/document.update","service":"firestore.googleapis.com"},"runtime":"nodejs10","environmentVariables":{"FIREBASE_CONFIG":"{\"projectId\":\"website-f5daf\",\"databaseURL\":\"https://website-f5daf.firebaseio.com\",\"storageBucket\":\"website-f5daf.appspot.com\",\"locationId\":\"europe-west\"}"}}
[debug] [2021-05-30T07:27:57.916Z] >>> HTTP REQUEST PATCH https://cloudfunctions.googleapis.com/v1/projects/website-f5daf/locations/europe-west3/functions/onScreamDelete {"updateMask":"sourceUploadUrl,name,labels,runtime,environmentVariables,eventTrigger.resource,eventTrigger.eventType,eventTrigger.service,eventTrigger.failurePolicy"} 
 {"sourceUploadUrl":"https://storage.googleapis.com/gcf-upload-us-central1-161a2894-c982-418f-a278-dee7594fa922/c8631ba2-9b7d-43ea-ae99-164d5914a3cb.zip?GoogleAccessId=service-873800702670@gcf-admin-robot.iam.gserviceaccount.com&Expires=1622361472&Signature=hSUmO9f3dGGr2pIxw6YH%2F0DmZUnKWxfwyTl%2FbQW8qaF%2FeVDfTRHQ2QEG6t54Ls2OdDtFX6P7IBT6XAS2aExXZ3VCpTBGQkTUGWy2JUXkMqY6%2Bmq%2FQ%2F6ygvAqoErZSPtoA7WAQ9feenSlkcKefb4yG7LFcb272ae1zxaI8bT51FvGSXYAGkp6BERWZNA3D3LDBS4pZcZG0NtX9MaE05CSqLbqnEyAq7ohr2O0cUyJJBxElFmN%2FgK1jakX0aThfdywmTwMDrkTkTGG%2BVW5xw7%2BVlQX%2FRXpDBcZFBIT9znduDdR3cjdZjK3FHxq20DQxhODcj%2B7KkMR2nn%2F6nA%2B6%2BbmKQ%3D%3D","name":"projects/website-f5daf/locations/europe-west3/functions/onScreamDelete","labels":{"deployment-tool":"cli-firebase"},"eventTrigger":{"resource":"projects/website-f5daf/databases/(default)/documents/SocialMediaApp/pageA/screams/{screamId}","eventType":"providers/cloud.firestore/eventTypes/document.delete","service":"firestore.googleapis.com"},"runtime":"nodejs10","environmentVariables":{"FIREBASE_CONFIG":"{\"projectId\":\"website-f5daf\",\"databaseURL\":\"https://website-f5daf.firebaseio.com\",\"storageBucket\":\"website-f5daf.appspot.com\",\"locationId\":\"europe-west\"}"}}
[debug] [2021-05-30T07:27:58.852Z] <<< HTTP RESPONSE 200 {"content-type":"application/json; charset=UTF-8","vary":"X-Origin, Referer, Origin,Accept-Encoding","date":"Sun, 30 May 2021 07:27:58 GMT","server":"ESF","cache-control":"private","x-xss-protection":"0","x-frame-options":"SAMEORIGIN","x-content-type-options":"nosniff","alt-svc":"h3-29=\":443\"; ma=2592000,h3-T051=\":443\"; ma=2592000,h3-Q050=\":443\"; ma=2592000,h3-Q046=\":443\"; ma=2592000,h3-Q043=\":443\"; ma=2592000,quic=\":443\"; ma=2592000; v=\"46,43\"","accept-ranges":"none","transfer-encoding":"chunked"}
[debug] [2021-05-30T07:27:58.854Z] <<< HTTP RESPONSE 200 {"content-type":"application/json; charset=UTF-8","vary":"X-Origin, Referer, Origin,Accept-Encoding","date":"Sun, 30 May 2021 07:27:58 GMT","server":"ESF","cache-control":"private","x-xss-protection":"0","x-frame-options":"SAMEORIGIN","x-content-type-options":"nosniff","alt-svc":"h3-29=\":443\"; ma=2592000,h3-T051=\":443\"; ma=2592000,h3-Q050=\":443\"; ma=2592000,h3-Q046=\":443\"; ma=2592000,h3-Q043=\":443\"; ma=2592000,quic=\":443\"; ma=2592000; v=\"46,43\"","accept-ranges":"none","transfer-encoding":"chunked"}
[debug] [2021-05-30T07:27:58.891Z] <<< HTTP RESPONSE 200 {"content-type":"application/json; charset=UTF-8","vary":"X-Origin, Referer, Origin,Accept-Encoding","date":"Sun, 30 May 2021 07:27:58 GMT","server":"ESF","cache-control":"private","x-xss-protection":"0","x-frame-options":"SAMEORIGIN","x-content-type-options":"nosniff","alt-svc":"h3-29=\":443\"; ma=2592000,h3-T051=\":443\"; ma=2592000,h3-Q050=\":443\"; ma=2592000,h3-Q046=\":443\"; ma=2592000,h3-Q043=\":443\"; ma=2592000,quic=\":443\"; ma=2592000; v=\"46,43\"","accept-ranges":"none","transfer-encoding":"chunked"}
[debug] [2021-05-30T07:27:58.892Z] <<< HTTP RESPONSE 200 {"content-type":"application/json; charset=UTF-8","vary":"X-Origin, Referer, Origin,Accept-Encoding","date":"Sun, 30 May 2021 07:27:58 GMT","server":"ESF","cache-control":"private","x-xss-protection":"0","x-frame-options":"SAMEORIGIN","x-content-type-options":"nosniff","alt-svc":"h3-29=\":443\"; ma=2592000,h3-T051=\":443\"; ma=2592000,h3-Q050=\":443\"; ma=2592000,h3-Q046=\":443\"; ma=2592000,h3-Q043=\":443\"; ma=2592000,quic=\":443\"; ma=2592000; v=\"46,43\"","accept-ranges":"none","transfer-encoding":"chunked"}
[debug] [2021-05-30T07:27:58.893Z] <<< HTTP RESPONSE 200 {"content-type":"application/json; charset=UTF-8","vary":"X-Origin, Referer, Origin,Accept-Encoding","date":"Sun, 30 May 2021 07:27:58 GMT","server":"ESF","cache-control":"private","x-xss-protection":"0","x-frame-options":"SAMEORIGIN","x-content-type-options":"nosniff","alt-svc":"h3-29=\":443\"; ma=2592000,h3-T051=\":443\"; ma=2592000,h3-Q050=\":443\"; ma=2592000,h3-Q046=\":443\"; ma=2592000,h3-Q043=\":443\"; ma=2592000,quic=\":443\"; ma=2592000; v=\"46,43\"","accept-ranges":"none","transfer-encoding":"chunked"}
[debug] [2021-05-30T07:27:58.894Z] <<< HTTP RESPONSE 200 {"content-type":"application/json; charset=UTF-8","vary":"X-Origin, Referer, Origin,Accept-Encoding","date":"Sun, 30 May 2021 07:27:58 GMT","server":"ESF","cache-control":"private","x-xss-protection":"0","x-frame-options":"SAMEORIGIN","x-content-type-options":"nosniff","alt-svc":"h3-29=\":443\"; ma=2592000,h3-T051=\":443\"; ma=2592000,h3-Q050=\":443\"; ma=2592000,h3-Q046=\":443\"; ma=2592000,h3-Q043=\":443\"; ma=2592000,quic=\":443\"; ma=2592000; v=\"46,43\"","accept-ranges":"none","transfer-encoding":"chunked"}
[debug] [2021-05-30T07:27:58.896Z] >>> HTTP REQUEST GET https://cloudfunctions.googleapis.com/v1/projects/website-f5daf/locations/-/functions  
 
[debug] [2021-05-30T07:27:59.725Z] <<< HTTP RESPONSE 200 {"content-type":"application/json; charset=UTF-8","vary":"X-Origin, Referer, Origin,Accept-Encoding","date":"Sun, 30 May 2021 07:27:59 GMT","server":"ESF","cache-control":"private","x-xss-protection":"0","x-frame-options":"SAMEORIGIN","x-content-type-options":"nosniff","alt-svc":"h3-29=\":443\"; ma=2592000,h3-T051=\":443\"; ma=2592000,h3-Q050=\":443\"; ma=2592000,h3-Q046=\":443\"; ma=2592000,h3-Q043=\":443\"; ma=2592000,quic=\":443\"; ma=2592000; v=\"46,43\"","accept-ranges":"none","transfer-encoding":"chunked"}
[debug] [2021-05-30T07:27:59.730Z] >>> HTTP REQUEST GET https://cloudfunctions.googleapis.com/v1/operations/d2Vic2l0ZS1mNWRhZi9ldXJvcGUtd2VzdDMvYXBpL09rS3UzeHRBUWpN  
 
[debug] [2021-05-30T07:27:59.731Z] >>> HTTP REQUEST GET https://cloudfunctions.googleapis.com/v1/operations/d2Vic2l0ZS1mNWRhZi9ldXJvcGUtd2VzdDMvY3JlYXRlTm90aWZpY2F0aW9uT25MaWtlL2VTQVlNN1VsbU5v  
 
[debug] [2021-05-30T07:27:59.732Z] >>> HTTP REQUEST GET https://cloudfunctions.googleapis.com/v1/operations/d2Vic2l0ZS1mNWRhZi9ldXJvcGUtd2VzdDMvZGVsZXRlTm90aWZpY2F0aW9uT25MaWtlL2E5VWdkTEtMSFpR  
 
[debug] [2021-05-30T07:27:59.732Z] >>> HTTP REQUEST GET https://cloudfunctions.googleapis.com/v1/operations/d2Vic2l0ZS1mNWRhZi9ldXJvcGUtd2VzdDMvY3JlYXRlTm90aWZpY2F0aW9uT25Db21tZW50L1ItRDRqek9DTFlz  
 
[debug] [2021-05-30T07:27:59.733Z] >>> HTTP REQUEST GET https://cloudfunctions.googleapis.com/v1/operations/d2Vic2l0ZS1mNWRhZi9ldXJvcGUtd2VzdDMvb25Vc2VySW1hZ2VDaGFuZ2UvdHQ5OGdfaHlXdmc  
 
[debug] [2021-05-30T07:27:59.734Z] >>> HTTP REQUEST GET https://cloudfunctions.googleapis.com/v1/operations/d2Vic2l0ZS1mNWRhZi9ldXJvcGUtd2VzdDMvb25TY3JlYW1EZWxldGUvaW5wUjExeXNpV2M  
 
[debug] [2021-05-30T07:28:00.102Z] <<< HTTP RESPONSE 200 {"content-type":"application/json; charset=UTF-8","vary":"X-Origin, Referer, Origin,Accept-Encoding","date":"Sun, 30 May 2021 07:27:59 GMT","server":"ESF","cache-control":"private","x-xss-protection":"0","x-frame-options":"SAMEORIGIN","x-content-type-options":"nosniff","alt-svc":"h3-29=\":443\"; ma=2592000,h3-T051=\":443\"; ma=2592000,h3-Q050=\":443\"; ma=2592000,h3-Q046=\":443\"; ma=2592000,h3-Q043=\":443\"; ma=2592000,quic=\":443\"; ma=2592000; v=\"46,43\"","accept-ranges":"none","transfer-encoding":"chunked"}
[debug] [2021-05-30T07:28:00.103Z] <<< HTTP RESPONSE 200 {"content-type":"application/json; charset=UTF-8","vary":"X-Origin, Referer, Origin,Accept-Encoding","date":"Sun, 30 May 2021 07:27:59 GMT","server":"ESF","cache-control":"private","x-xss-protection":"0","x-frame-options":"SAMEORIGIN","x-content-type-options":"nosniff","alt-svc":"h3-29=\":443\"; ma=2592000,h3-T051=\":443\"; ma=2592000,h3-Q050=\":443\"; ma=2592000,h3-Q046=\":443\"; ma=2592000,h3-Q043=\":443\"; ma=2592000,quic=\":443\"; ma=2592000; v=\"46,43\"","accept-ranges":"none","transfer-encoding":"chunked"}
[debug] [2021-05-30T07:28:00.141Z] <<< HTTP RESPONSE 200 {"content-type":"application/json; charset=UTF-8","vary":"X-Origin, Referer, Origin,Accept-Encoding","date":"Sun, 30 May 2021 07:27:59 GMT","server":"ESF","cache-control":"private","x-xss-protection":"0","x-frame-options":"SAMEORIGIN","x-content-type-options":"nosniff","alt-svc":"h3-29=\":443\"; ma=2592000,h3-T051=\":443\"; ma=2592000,h3-Q050=\":443\"; ma=2592000,h3-Q046=\":443\"; ma=2592000,h3-Q043=\":443\"; ma=2592000,quic=\":443\"; ma=2592000; v=\"46,43\"","accept-ranges":"none","transfer-encoding":"chunked"}
[debug] [2021-05-30T07:28:00.237Z] <<< HTTP RESPONSE 200 {"content-type":"application/json; charset=UTF-8","vary":"X-Origin, Referer, Origin,Accept-Encoding","date":"Sun, 30 May 2021 07:27:59 GMT","server":"ESF","cache-control":"private","x-xss-protection":"0","x-frame-options":"SAMEORIGIN","x-content-type-options":"nosniff","alt-svc":"h3-29=\":443\"; ma=2592000,h3-T051=\":443\"; ma=2592000,h3-Q050=\":443\"; ma=2592000,h3-Q046=\":443\"; ma=2592000,h3-Q043=\":443\"; ma=2592000,quic=\":443\"; ma=2592000; v=\"46,43\"","accept-ranges":"none","transfer-encoding":"chunked"}
[debug] [2021-05-30T07:28:00.239Z] <<< HTTP RESPONSE 200 {"content-type":"application/json; charset=UTF-8","vary":"X-Origin, Referer, Origin,Accept-Encoding","date":"Sun, 30 May 2021 07:27:59 GMT","server":"ESF","cache-control":"private","x-xss-protection":"0","x-frame-options":"SAMEORIGIN","x-content-type-options":"nosniff","alt-svc":"h3-29=\":443\"; ma=2592000,h3-T051=\":443\"; ma=2592000,h3-Q050=\":443\"; ma=2592000,h3-Q046=\":443\"; ma=2592000,h3-Q043=\":443\"; ma=2592000,quic=\":443\"; ma=2592000; v=\"46,43\"","accept-ranges":"none","transfer-encoding":"chunked"}
[debug] [2021-05-30T07:28:00.247Z] <<< HTTP RESPONSE 200 {"content-type":"application/json; charset=UTF-8","vary":"X-Origin, Referer, Origin,Accept-Encoding","date":"Sun, 30 May 2021 07:27:59 GMT","server":"ESF","cache-control":"private","x-xss-protection":"0","x-frame-options":"SAMEORIGIN","x-content-type-options":"nosniff","alt-svc":"h3-29=\":443\"; ma=2592000,h3-T051=\":443\"; ma=2592000,h3-Q050=\":443\"; ma=2592000,h3-Q046=\":443\"; ma=2592000,h3-Q043=\":443\"; ma=2592000,quic=\":443\"; ma=2592000; v=\"46,43\"","accept-ranges":"none","transfer-encoding":"chunked"}
[debug] [2021-05-30T07:28:02.103Z] >>> HTTP REQUEST GET https://cloudfunctions.googleapis.com/v1/operations/d2Vic2l0ZS1mNWRhZi9ldXJvcGUtd2VzdDMvY3JlYXRlTm90aWZpY2F0aW9uT25MaWtlL2VTQVlNN1VsbU5v  
 
[debug] [2021-05-30T07:28:02.105Z] >>> HTTP REQUEST GET https://cloudfunctions.googleapis.com/v1/operations/d2Vic2l0ZS1mNWRhZi9ldXJvcGUtd2VzdDMvZGVsZXRlTm90aWZpY2F0aW9uT25MaWtlL2E5VWdkTEtMSFpR  
 
[debug] [2021-05-30T07:28:02.142Z] >>> HTTP REQUEST GET https://cloudfunctions.googleapis.com/v1/operations/d2Vic2l0ZS1mNWRhZi9ldXJvcGUtd2VzdDMvYXBpL09rS3UzeHRBUWpN  
 
[debug] [2021-05-30T07:28:02.238Z] >>> HTTP REQUEST GET https://cloudfunctions.googleapis.com/v1/operations/d2Vic2l0ZS1mNWRhZi9ldXJvcGUtd2VzdDMvY3JlYXRlTm90aWZpY2F0aW9uT25Db21tZW50L1ItRDRqek9DTFlz  
 
[debug] [2021-05-30T07:28:02.240Z] >>> HTTP REQUEST GET https://cloudfunctions.googleapis.com/v1/operations/d2Vic2l0ZS1mNWRhZi9ldXJvcGUtd2VzdDMvb25TY3JlYW1EZWxldGUvaW5wUjExeXNpV2M  
 
[debug] [2021-05-30T07:28:02.248Z] >>> HTTP REQUEST GET https://cloudfunctions.googleapis.com/v1/operations/d2Vic2l0ZS1mNWRhZi9ldXJvcGUtd2VzdDMvb25Vc2VySW1hZ2VDaGFuZ2UvdHQ5OGdfaHlXdmc  
 
[debug] [2021-05-30T07:28:02.448Z] <<< HTTP RESPONSE 200 {"content-type":"application/json; charset=UTF-8","vary":"X-Origin, Referer, Origin,Accept-Encoding","date":"Sun, 30 May 2021 07:28:02 GMT","server":"ESF","cache-control":"private","x-xss-protection":"0","x-frame-options":"SAMEORIGIN","x-content-type-options":"nosniff","alt-svc":"h3-29=\":443\"; ma=2592000,h3-T051=\":443\"; ma=2592000,h3-Q050=\":443\"; ma=2592000,h3-Q046=\":443\"; ma=2592000,h3-Q043=\":443\"; ma=2592000,quic=\":443\"; ma=2592000; v=\"46,43\"","accept-ranges":"none","transfer-encoding":"chunked"}
[debug] [2021-05-30T07:28:02.459Z] <<< HTTP RESPONSE 200 {"content-type":"application/json; charset=UTF-8","vary":"X-Origin, Referer, Origin,Accept-Encoding","date":"Sun, 30 May 2021 07:28:02 GMT","server":"ESF","cache-control":"private","x-xss-protection":"0","x-frame-options":"SAMEORIGIN","x-content-type-options":"nosniff","alt-svc":"h3-29=\":443\"; ma=2592000,h3-T051=\":443\"; ma=2592000,h3-Q050=\":443\"; ma=2592000,h3-Q046=\":443\"; ma=2592000,h3-Q043=\":443\"; ma=2592000,quic=\":443\"; ma=2592000; v=\"46,43\"","accept-ranges":"none","transfer-encoding":"chunked"}
[debug] [2021-05-30T07:28:02.647Z] <<< HTTP RESPONSE 200 {"content-type":"application/json; charset=UTF-8","vary":"X-Origin, Referer, Origin,Accept-Encoding","date":"Sun, 30 May 2021 07:28:02 GMT","server":"ESF","cache-control":"private","x-xss-protection":"0","x-frame-options":"SAMEORIGIN","x-content-type-options":"nosniff","alt-svc":"h3-29=\":443\"; ma=2592000,h3-T051=\":443\"; ma=2592000,h3-Q050=\":443\"; ma=2592000,h3-Q046=\":443\"; ma=2592000,h3-Q043=\":443\"; ma=2592000,quic=\":443\"; ma=2592000; v=\"46,43\"","accept-ranges":"none","transfer-encoding":"chunked"}
[debug] [2021-05-30T07:28:02.723Z] <<< HTTP RESPONSE 200 {"content-type":"application/json; charset=UTF-8","vary":"X-Origin, Referer, Origin,Accept-Encoding","date":"Sun, 30 May 2021 07:28:02 GMT","server":"ESF","cache-control":"private","x-xss-protection":"0","x-frame-options":"SAMEORIGIN","x-content-type-options":"nosniff","alt-svc":"h3-29=\":443\"; ma=2592000,h3-T051=\":443\"; ma=2592000,h3-Q050=\":443\"; ma=2592000,h3-Q046=\":443\"; ma=2592000,h3-Q043=\":443\"; ma=2592000,quic=\":443\"; ma=2592000; v=\"46,43\"","accept-ranges":"none","transfer-encoding":"chunked"}
[debug] [2021-05-30T07:28:02.758Z] <<< HTTP RESPONSE 200 {"content-type":"application/json; charset=UTF-8","vary":"X-Origin, Referer, Origin,Accept-Encoding","date":"Sun, 30 May 2021 07:28:02 GMT","server":"ESF","cache-control":"private","x-xss-protection":"0","x-frame-options":"SAMEORIGIN","x-content-type-options":"nosniff","alt-svc":"h3-29=\":443\"; ma=2592000,h3-T051=\":443\"; ma=2592000,h3-Q050=\":443\"; ma=2592000,h3-Q046=\":443\"; ma=2592000,h3-Q043=\":443\"; ma=2592000,quic=\":443\"; ma=2592000; v=\"46,43\"","accept-ranges":"none","transfer-encoding":"chunked"}
[debug] [2021-05-30T07:28:02.762Z] <<< HTTP RESPONSE 200 {"content-type":"application/json; charset=UTF-8","vary":"X-Origin, Referer, Origin,Accept-Encoding","date":"Sun, 30 May 2021 07:28:02 GMT","server":"ESF","cache-control":"private","x-xss-protection":"0","x-frame-options":"SAMEORIGIN","x-content-type-options":"nosniff","alt-svc":"h3-29=\":443\"; ma=2592000,h3-T051=\":443\"; ma=2592000,h3-Q050=\":443\"; ma=2592000,h3-Q046=\":443\"; ma=2592000,h3-Q043=\":443\"; ma=2592000,quic=\":443\"; ma=2592000; v=\"46,43\"","accept-ranges":"none","transfer-encoding":"chunked"}
[debug] [2021-05-30T07:28:04.450Z] >>> HTTP REQUEST GET https://cloudfunctions.googleapis.com/v1/operations/d2Vic2l0ZS1mNWRhZi9ldXJvcGUtd2VzdDMvZGVsZXRlTm90aWZpY2F0aW9uT25MaWtlL2E5VWdkTEtMSFpR  
 
[debug] [2021-05-30T07:28:04.460Z] >>> HTTP REQUEST GET https://cloudfunctions.googleapis.com/v1/operations/d2Vic2l0ZS1mNWRhZi9ldXJvcGUtd2VzdDMvY3JlYXRlTm90aWZpY2F0aW9uT25MaWtlL2VTQVlNN1VsbU5v  
 
[debug] [2021-05-30T07:28:04.649Z] >>> HTTP REQUEST GET https://cloudfunctions.googleapis.com/v1/operations/d2Vic2l0ZS1mNWRhZi9ldXJvcGUtd2VzdDMvYXBpL09rS3UzeHRBUWpN  
 
[debug] [2021-05-30T07:28:04.724Z] >>> HTTP REQUEST GET https://cloudfunctions.googleapis.com/v1/operations/d2Vic2l0ZS1mNWRhZi9ldXJvcGUtd2VzdDMvY3JlYXRlTm90aWZpY2F0aW9uT25Db21tZW50L1ItRDRqek9DTFlz  
 
[debug] [2021-05-30T07:28:04.759Z] >>> HTTP REQUEST GET https://cloudfunctions.googleapis.com/v1/operations/d2Vic2l0ZS1mNWRhZi9ldXJvcGUtd2VzdDMvb25Vc2VySW1hZ2VDaGFuZ2UvdHQ5OGdfaHlXdmc  
 
[debug] [2021-05-30T07:28:04.763Z] >>> HTTP REQUEST GET https://cloudfunctions.googleapis.com/v1/operations/d2Vic2l0ZS1mNWRhZi9ldXJvcGUtd2VzdDMvb25TY3JlYW1EZWxldGUvaW5wUjExeXNpV2M  
 
[debug] [2021-05-30T07:28:04.780Z] <<< HTTP RESPONSE 200 {"content-type":"application/json; charset=UTF-8","vary":"X-Origin, Referer, Origin,Accept-Encoding","date":"Sun, 30 May 2021 07:28:04 GMT","server":"ESF","cache-control":"private","x-xss-protection":"0","x-frame-options":"SAMEORIGIN","x-content-type-options":"nosniff","alt-svc":"h3-29=\":443\"; ma=2592000,h3-T051=\":443\"; ma=2592000,h3-Q050=\":443\"; ma=2592000,h3-Q046=\":443\"; ma=2592000,h3-Q043=\":443\"; ma=2592000,quic=\":443\"; ma=2592000; v=\"46,43\"","accept-ranges":"none","transfer-encoding":"chunked"}
[debug] [2021-05-30T07:28:04.935Z] <<< HTTP RESPONSE 200 {"content-type":"application/json; charset=UTF-8","vary":"X-Origin, Referer, Origin,Accept-Encoding","date":"Sun, 30 May 2021 07:28:04 GMT","server":"ESF","cache-control":"private","x-xss-protection":"0","x-frame-options":"SAMEORIGIN","x-content-type-options":"nosniff","alt-svc":"h3-29=\":443\"; ma=2592000,h3-T051=\":443\"; ma=2592000,h3-Q050=\":443\"; ma=2592000,h3-Q046=\":443\"; ma=2592000,h3-Q043=\":443\"; ma=2592000,quic=\":443\"; ma=2592000; v=\"46,43\"","accept-ranges":"none","transfer-encoding":"chunked"}
[debug] [2021-05-30T07:28:05.159Z] <<< HTTP RESPONSE 200 {"content-type":"application/json; charset=UTF-8","vary":"X-Origin, Referer, Origin,Accept-Encoding","date":"Sun, 30 May 2021 07:28:04 GMT","server":"ESF","cache-control":"private","x-xss-protection":"0","x-frame-options":"SAMEORIGIN","x-content-type-options":"nosniff","alt-svc":"h3-29=\":443\"; ma=2592000,h3-T051=\":443\"; ma=2592000,h3-Q050=\":443\"; ma=2592000,h3-Q046=\":443\"; ma=2592000,h3-Q043=\":443\"; ma=2592000,quic=\":443\"; ma=2592000; v=\"46,43\"","accept-ranges":"none","transfer-encoding":"chunked"}
[debug] [2021-05-30T07:28:05.236Z] <<< HTTP RESPONSE 200 {"content-type":"application/json; charset=UTF-8","vary":"X-Origin, Referer, Origin,Accept-Encoding","date":"Sun, 30 May 2021 07:28:04 GMT","server":"ESF","cache-control":"private","x-xss-protection":"0","x-frame-options":"SAMEORIGIN","x-content-type-options":"nosniff","alt-svc":"h3-29=\":443\"; ma=2592000,h3-T051=\":443\"; ma=2592000,h3-Q050=\":443\"; ma=2592000,h3-Q046=\":443\"; ma=2592000,h3-Q043=\":443\"; ma=2592000,quic=\":443\"; ma=2592000; v=\"46,43\"","accept-ranges":"none","transfer-encoding":"chunked"}
[debug] [2021-05-30T07:28:05.242Z] <<< HTTP RESPONSE 200 {"content-type":"application/json; charset=UTF-8","vary":"X-Origin, Referer, Origin,Accept-Encoding","date":"Sun, 30 May 2021 07:28:04 GMT","server":"ESF","cache-control":"private","x-xss-protection":"0","x-frame-options":"SAMEORIGIN","x-content-type-options":"nosniff","alt-svc":"h3-29=\":443\"; ma=2592000,h3-T051=\":443\"; ma=2592000,h3-Q050=\":443\"; ma=2592000,h3-Q046=\":443\"; ma=2592000,h3-Q043=\":443\"; ma=2592000,quic=\":443\"; ma=2592000; v=\"46,43\"","accept-ranges":"none","transfer-encoding":"chunked"}
[debug] [2021-05-30T07:28:05.243Z] <<< HTTP RESPONSE 200 {"content-type":"application/json; charset=UTF-8","vary":"X-Origin, Referer, Origin,Accept-Encoding","date":"Sun, 30 May 2021 07:28:04 GMT","server":"ESF","cache-control":"private","x-xss-protection":"0","x-frame-options":"SAMEORIGIN","x-content-type-options":"nosniff","alt-svc":"h3-29=\":443\"; ma=2592000,h3-T051=\":443\"; ma=2592000,h3-Q050=\":443\"; ma=2592000,h3-Q046=\":443\"; ma=2592000,h3-Q043=\":443\"; ma=2592000,quic=\":443\"; ma=2592000; v=\"46,43\"","accept-ranges":"none","transfer-encoding":"chunked"}
[debug] [2021-05-30T07:28:06.781Z] >>> HTTP REQUEST GET https://cloudfunctions.googleapis.com/v1/operations/d2Vic2l0ZS1mNWRhZi9ldXJvcGUtd2VzdDMvY3JlYXRlTm90aWZpY2F0aW9uT25MaWtlL2VTQVlNN1VsbU5v  
 
[debug] [2021-05-30T07:28:06.936Z] >>> HTTP REQUEST GET https://cloudfunctions.googleapis.com/v1/operations/d2Vic2l0ZS1mNWRhZi9ldXJvcGUtd2VzdDMvZGVsZXRlTm90aWZpY2F0aW9uT25MaWtlL2E5VWdkTEtMSFpR  
 
[debug] [2021-05-30T07:28:07.109Z] <<< HTTP RESPONSE 200 {"content-type":"application/json; charset=UTF-8","vary":"X-Origin, Referer, Origin,Accept-Encoding","date":"Sun, 30 May 2021 07:28:06 GMT","server":"ESF","cache-control":"private","x-xss-protection":"0","x-frame-options":"SAMEORIGIN","x-content-type-options":"nosniff","alt-svc":"h3-29=\":443\"; ma=2592000,h3-T051=\":443\"; ma=2592000,h3-Q050=\":443\"; ma=2592000,h3-Q046=\":443\"; ma=2592000,h3-Q043=\":443\"; ma=2592000,quic=\":443\"; ma=2592000; v=\"46,43\"","accept-ranges":"none","transfer-encoding":"chunked"}
[debug] [2021-05-30T07:28:07.168Z] >>> HTTP REQUEST GET https://cloudfunctions.googleapis.com/v1/operations/d2Vic2l0ZS1mNWRhZi9ldXJvcGUtd2VzdDMvYXBpL09rS3UzeHRBUWpN  
 
[debug] [2021-05-30T07:28:07.237Z] >>> HTTP REQUEST GET https://cloudfunctions.googleapis.com/v1/operations/d2Vic2l0ZS1mNWRhZi9ldXJvcGUtd2VzdDMvY3JlYXRlTm90aWZpY2F0aW9uT25Db21tZW50L1ItRDRqek9DTFlz  
 
[debug] [2021-05-30T07:28:07.242Z] >>> HTTP REQUEST GET https://cloudfunctions.googleapis.com/v1/operations/d2Vic2l0ZS1mNWRhZi9ldXJvcGUtd2VzdDMvb25Vc2VySW1hZ2VDaGFuZ2UvdHQ5OGdfaHlXdmc  
 
[debug] [2021-05-30T07:28:07.244Z] >>> HTTP REQUEST GET https://cloudfunctions.googleapis.com/v1/operations/d2Vic2l0ZS1mNWRhZi9ldXJvcGUtd2VzdDMvb25TY3JlYW1EZWxldGUvaW5wUjExeXNpV2M  
 
[debug] [2021-05-30T07:28:07.274Z] <<< HTTP RESPONSE 200 {"content-type":"application/json; charset=UTF-8","vary":"X-Origin, Referer, Origin,Accept-Encoding","date":"Sun, 30 May 2021 07:28:07 GMT","server":"ESF","cache-control":"private","x-xss-protection":"0","x-frame-options":"SAMEORIGIN","x-content-type-options":"nosniff","alt-svc":"h3-29=\":443\"; ma=2592000,h3-T051=\":443\"; ma=2592000,h3-Q050=\":443\"; ma=2592000,h3-Q046=\":443\"; ma=2592000,h3-Q043=\":443\"; ma=2592000,quic=\":443\"; ma=2592000; v=\"46,43\"","accept-ranges":"none","transfer-encoding":"chunked"}
[debug] [2021-05-30T07:28:07.598Z] <<< HTTP RESPONSE 200 {"content-type":"application/json; charset=UTF-8","vary":"X-Origin, Referer, Origin,Accept-Encoding","date":"Sun, 30 May 2021 07:28:07 GMT","server":"ESF","cache-control":"private","x-xss-protection":"0","x-frame-options":"SAMEORIGIN","x-content-type-options":"nosniff","alt-svc":"h3-29=\":443\"; ma=2592000,h3-T051=\":443\"; ma=2592000,h3-Q050=\":443\"; ma=2592000,h3-Q046=\":443\"; ma=2592000,h3-Q043=\":443\"; ma=2592000,quic=\":443\"; ma=2592000; v=\"46,43\"","accept-ranges":"none","transfer-encoding":"chunked"}
[debug] [2021-05-30T07:28:07.649Z] <<< HTTP RESPONSE 200 {"content-type":"application/json; charset=UTF-8","vary":"X-Origin, Referer, Origin,Accept-Encoding","date":"Sun, 30 May 2021 07:28:07 GMT","server":"ESF","cache-control":"private","x-xss-protection":"0","x-frame-options":"SAMEORIGIN","x-content-type-options":"nosniff","alt-svc":"h3-29=\":443\"; ma=2592000,h3-T051=\":443\"; ma=2592000,h3-Q050=\":443\"; ma=2592000,h3-Q046=\":443\"; ma=2592000,h3-Q043=\":443\"; ma=2592000,quic=\":443\"; ma=2592000; v=\"46,43\"","accept-ranges":"none","transfer-encoding":"chunked"}
[debug] [2021-05-30T07:28:07.768Z] <<< HTTP RESPONSE 200 {"content-type":"application/json; charset=UTF-8","vary":"X-Origin, Referer, Origin,Accept-Encoding","date":"Sun, 30 May 2021 07:28:07 GMT","server":"ESF","cache-control":"private","x-xss-protection":"0","x-frame-options":"SAMEORIGIN","x-content-type-options":"nosniff","alt-svc":"h3-29=\":443\"; ma=2592000,h3-T051=\":443\"; ma=2592000,h3-Q050=\":443\"; ma=2592000,h3-Q046=\":443\"; ma=2592000,h3-Q043=\":443\"; ma=2592000,quic=\":443\"; ma=2592000; v=\"46,43\"","accept-ranges":"none","transfer-encoding":"chunked"}
[debug] [2021-05-30T07:28:07.769Z] <<< HTTP RESPONSE 200 {"content-type":"application/json; charset=UTF-8","vary":"X-Origin, Referer, Origin,Accept-Encoding","date":"Sun, 30 May 2021 07:28:07 GMT","server":"ESF","cache-control":"private","x-xss-protection":"0","x-frame-options":"SAMEORIGIN","x-content-type-options":"nosniff","alt-svc":"h3-29=\":443\"; ma=2592000,h3-T051=\":443\"; ma=2592000,h3-Q050=\":443\"; ma=2592000,h3-Q046=\":443\"; ma=2592000,h3-Q043=\":443\"; ma=2592000,quic=\":443\"; ma=2592000; v=\"46,43\"","accept-ranges":"none","transfer-encoding":"chunked"}
[debug] [2021-05-30T07:28:09.116Z] >>> HTTP REQUEST GET https://cloudfunctions.googleapis.com/v1/operations/d2Vic2l0ZS1mNWRhZi9ldXJvcGUtd2VzdDMvY3JlYXRlTm90aWZpY2F0aW9uT25MaWtlL2VTQVlNN1VsbU5v  
 
[debug] [2021-05-30T07:28:09.288Z] >>> HTTP REQUEST GET https://cloudfunctions.googleapis.com/v1/operations/d2Vic2l0ZS1mNWRhZi9ldXJvcGUtd2VzdDMvZGVsZXRlTm90aWZpY2F0aW9uT25MaWtlL2E5VWdkTEtMSFpR  
 
[debug] [2021-05-30T07:28:09.605Z] >>> HTTP REQUEST GET https://cloudfunctions.googleapis.com/v1/operations/d2Vic2l0ZS1mNWRhZi9ldXJvcGUtd2VzdDMvY3JlYXRlTm90aWZpY2F0aW9uT25Db21tZW50L1ItRDRqek9DTFlz  
 
[debug] [2021-05-30T07:28:09.607Z] <<< HTTP RESPONSE 200 {"content-type":"application/json; charset=UTF-8","vary":"X-Origin, Referer, Origin,Accept-Encoding","date":"Sun, 30 May 2021 07:28:09 GMT","server":"ESF","cache-control":"private","x-xss-protection":"0","x-frame-options":"SAMEORIGIN","x-content-type-options":"nosniff","alt-svc":"h3-29=\":443\"; ma=2592000,h3-T051=\":443\"; ma=2592000,h3-Q050=\":443\"; ma=2592000,h3-Q046=\":443\"; ma=2592000,h3-Q043=\":443\"; ma=2592000,quic=\":443\"; ma=2592000; v=\"46,43\"","accept-ranges":"none","transfer-encoding":"chunked"}
[debug] [2021-05-30T07:28:09.616Z] <<< HTTP RESPONSE 200 {"content-type":"application/json; charset=UTF-8","vary":"X-Origin, Referer, Origin,Accept-Encoding","date":"Sun, 30 May 2021 07:28:09 GMT","server":"ESF","cache-control":"private","x-xss-protection":"0","x-frame-options":"SAMEORIGIN","x-content-type-options":"nosniff","alt-svc":"h3-29=\":443\"; ma=2592000,h3-T051=\":443\"; ma=2592000,h3-Q050=\":443\"; ma=2592000,h3-Q046=\":443\"; ma=2592000,h3-Q043=\":443\"; ma=2592000,quic=\":443\"; ma=2592000; v=\"46,43\"","accept-ranges":"none","transfer-encoding":"chunked"}
[debug] [2021-05-30T07:28:09.650Z] >>> HTTP REQUEST GET https://cloudfunctions.googleapis.com/v1/operations/d2Vic2l0ZS1mNWRhZi9ldXJvcGUtd2VzdDMvYXBpL09rS3UzeHRBUWpN  
 
[debug] [2021-05-30T07:28:09.772Z] >>> HTTP REQUEST GET https://cloudfunctions.googleapis.com/v1/operations/d2Vic2l0ZS1mNWRhZi9ldXJvcGUtd2VzdDMvb25Vc2VySW1hZ2VDaGFuZ2UvdHQ5OGdfaHlXdmc  
 
[debug] [2021-05-30T07:28:09.772Z] >>> HTTP REQUEST GET https://cloudfunctions.googleapis.com/v1/operations/d2Vic2l0ZS1mNWRhZi9ldXJvcGUtd2VzdDMvb25TY3JlYW1EZWxldGUvaW5wUjExeXNpV2M  
 
[debug] [2021-05-30T07:28:10.000Z] <<< HTTP RESPONSE 200 {"content-type":"application/json; charset=UTF-8","vary":"X-Origin, Referer, Origin,Accept-Encoding","date":"Sun, 30 May 2021 07:28:09 GMT","server":"ESF","cache-control":"private","x-xss-protection":"0","x-frame-options":"SAMEORIGIN","x-content-type-options":"nosniff","alt-svc":"h3-29=\":443\"; ma=2592000,h3-T051=\":443\"; ma=2592000,h3-Q050=\":443\"; ma=2592000,h3-Q046=\":443\"; ma=2592000,h3-Q043=\":443\"; ma=2592000,quic=\":443\"; ma=2592000; v=\"46,43\"","accept-ranges":"none","transfer-encoding":"chunked"}
[debug] [2021-05-30T07:28:10.091Z] <<< HTTP RESPONSE 200 {"content-type":"application/json; charset=UTF-8","vary":"X-Origin, Referer, Origin,Accept-Encoding","date":"Sun, 30 May 2021 07:28:09 GMT","server":"ESF","cache-control":"private","x-xss-protection":"0","x-frame-options":"SAMEORIGIN","x-content-type-options":"nosniff","alt-svc":"h3-29=\":443\"; ma=2592000,h3-T051=\":443\"; ma=2592000,h3-Q050=\":443\"; ma=2592000,h3-Q046=\":443\"; ma=2592000,h3-Q043=\":443\"; ma=2592000,quic=\":443\"; ma=2592000; v=\"46,43\"","accept-ranges":"none","transfer-encoding":"chunked"}
[debug] [2021-05-30T07:28:10.261Z] <<< HTTP RESPONSE 200 {"content-type":"application/json; charset=UTF-8","vary":"X-Origin, Referer, Origin,Accept-Encoding","date":"Sun, 30 May 2021 07:28:09 GMT","server":"ESF","cache-control":"private","x-xss-protection":"0","x-frame-options":"SAMEORIGIN","x-content-type-options":"nosniff","alt-svc":"h3-29=\":443\"; ma=2592000,h3-T051=\":443\"; ma=2592000,h3-Q050=\":443\"; ma=2592000,h3-Q046=\":443\"; ma=2592000,h3-Q043=\":443\"; ma=2592000,quic=\":443\"; ma=2592000; v=\"46,43\"","accept-ranges":"none","transfer-encoding":"chunked"}
[debug] [2021-05-30T07:28:10.282Z] <<< HTTP RESPONSE 200 {"content-type":"application/json; charset=UTF-8","vary":"X-Origin, Referer, Origin,Accept-Encoding","date":"Sun, 30 May 2021 07:28:10 GMT","server":"ESF","cache-control":"private","x-xss-protection":"0","x-frame-options":"SAMEORIGIN","x-content-type-options":"nosniff","alt-svc":"h3-29=\":443\"; ma=2592000,h3-T051=\":443\"; ma=2592000,h3-Q050=\":443\"; ma=2592000,h3-Q046=\":443\"; ma=2592000,h3-Q043=\":443\"; ma=2592000,quic=\":443\"; ma=2592000; v=\"46,43\"","accept-ranges":"none","transfer-encoding":"chunked"}
[debug] [2021-05-30T07:28:11.608Z] >>> HTTP REQUEST GET https://cloudfunctions.googleapis.com/v1/operations/d2Vic2l0ZS1mNWRhZi9ldXJvcGUtd2VzdDMvY3JlYXRlTm90aWZpY2F0aW9uT25MaWtlL2VTQVlNN1VsbU5v  
 
[debug] [2021-05-30T07:28:11.618Z] >>> HTTP REQUEST GET https://cloudfunctions.googleapis.com/v1/operations/d2Vic2l0ZS1mNWRhZi9ldXJvcGUtd2VzdDMvZGVsZXRlTm90aWZpY2F0aW9uT25MaWtlL2E5VWdkTEtMSFpR  
 
[debug] [2021-05-30T07:28:12.014Z] >>> HTTP REQUEST GET https://cloudfunctions.googleapis.com/v1/operations/d2Vic2l0ZS1mNWRhZi9ldXJvcGUtd2VzdDMvYXBpL09rS3UzeHRBUWpN  
 
[debug] [2021-05-30T07:28:12.091Z] >>> HTTP REQUEST GET https://cloudfunctions.googleapis.com/v1/operations/d2Vic2l0ZS1mNWRhZi9ldXJvcGUtd2VzdDMvY3JlYXRlTm90aWZpY2F0aW9uT25Db21tZW50L1ItRDRqek9DTFlz  
 
[debug] [2021-05-30T07:28:12.101Z] <<< HTTP RESPONSE 200 {"content-type":"application/json; charset=UTF-8","vary":"X-Origin, Referer, Origin,Accept-Encoding","date":"Sun, 30 May 2021 07:28:11 GMT","server":"ESF","cache-control":"private","x-xss-protection":"0","x-frame-options":"SAMEORIGIN","x-content-type-options":"nosniff","alt-svc":"h3-29=\":443\"; ma=2592000,h3-T051=\":443\"; ma=2592000,h3-Q050=\":443\"; ma=2592000,h3-Q046=\":443\"; ma=2592000,h3-Q043=\":443\"; ma=2592000,quic=\":443\"; ma=2592000; v=\"46,43\"","accept-ranges":"none","transfer-encoding":"chunked"}
[debug] [2021-05-30T07:28:12.127Z] <<< HTTP RESPONSE 200 {"content-type":"application/json; charset=UTF-8","vary":"X-Origin, Referer, Origin,Accept-Encoding","date":"Sun, 30 May 2021 07:28:11 GMT","server":"ESF","cache-control":"private","x-xss-protection":"0","x-frame-options":"SAMEORIGIN","x-content-type-options":"nosniff","alt-svc":"h3-29=\":443\"; ma=2592000,h3-T051=\":443\"; ma=2592000,h3-Q050=\":443\"; ma=2592000,h3-Q046=\":443\"; ma=2592000,h3-Q043=\":443\"; ma=2592000,quic=\":443\"; ma=2592000; v=\"46,43\"","accept-ranges":"none","transfer-encoding":"chunked"}
[debug] [2021-05-30T07:28:12.262Z] >>> HTTP REQUEST GET https://cloudfunctions.googleapis.com/v1/operations/d2Vic2l0ZS1mNWRhZi9ldXJvcGUtd2VzdDMvb25Vc2VySW1hZ2VDaGFuZ2UvdHQ5OGdfaHlXdmc  
 
[debug] [2021-05-30T07:28:12.282Z] >>> HTTP REQUEST GET https://cloudfunctions.googleapis.com/v1/operations/d2Vic2l0ZS1mNWRhZi9ldXJvcGUtd2VzdDMvb25TY3JlYW1EZWxldGUvaW5wUjExeXNpV2M  
 
[debug] [2021-05-30T07:28:12.340Z] <<< HTTP RESPONSE 200 {"content-type":"application/json; charset=UTF-8","vary":"X-Origin, Referer, Origin,Accept-Encoding","date":"Sun, 30 May 2021 07:28:12 GMT","server":"ESF","cache-control":"private","x-xss-protection":"0","x-frame-options":"SAMEORIGIN","x-content-type-options":"nosniff","alt-svc":"h3-29=\":443\"; ma=2592000,h3-T051=\":443\"; ma=2592000,h3-Q050=\":443\"; ma=2592000,h3-Q046=\":443\"; ma=2592000,h3-Q043=\":443\"; ma=2592000,quic=\":443\"; ma=2592000; v=\"46,43\"","accept-ranges":"none","transfer-encoding":"chunked"}
[debug] [2021-05-30T07:28:12.414Z] <<< HTTP RESPONSE 200 {"content-type":"application/json; charset=UTF-8","vary":"X-Origin, Referer, Origin,Accept-Encoding","date":"Sun, 30 May 2021 07:28:12 GMT","server":"ESF","cache-control":"private","x-xss-protection":"0","x-frame-options":"SAMEORIGIN","x-content-type-options":"nosniff","alt-svc":"h3-29=\":443\"; ma=2592000,h3-T051=\":443\"; ma=2592000,h3-Q050=\":443\"; ma=2592000,h3-Q046=\":443\"; ma=2592000,h3-Q043=\":443\"; ma=2592000,quic=\":443\"; ma=2592000; v=\"46,43\"","accept-ranges":"none","transfer-encoding":"chunked"}
[debug] [2021-05-30T07:28:12.600Z] <<< HTTP RESPONSE 200 {"content-type":"application/json; charset=UTF-8","vary":"X-Origin, Referer, Origin,Accept-Encoding","date":"Sun, 30 May 2021 07:28:12 GMT","server":"ESF","cache-control":"private","x-xss-protection":"0","x-frame-options":"SAMEORIGIN","x-content-type-options":"nosniff","alt-svc":"h3-29=\":443\"; ma=2592000,h3-T051=\":443\"; ma=2592000,h3-Q050=\":443\"; ma=2592000,h3-Q046=\":443\"; ma=2592000,h3-Q043=\":443\"; ma=2592000,quic=\":443\"; ma=2592000; v=\"46,43\"","accept-ranges":"none","transfer-encoding":"chunked"}
[debug] [2021-05-30T07:28:12.797Z] <<< HTTP RESPONSE 200 {"content-type":"application/json; charset=UTF-8","vary":"X-Origin, Referer, Origin,Accept-Encoding","date":"Sun, 30 May 2021 07:28:12 GMT","server":"ESF","cache-control":"private","x-xss-protection":"0","x-frame-options":"SAMEORIGIN","x-content-type-options":"nosniff","alt-svc":"h3-29=\":443\"; ma=2592000,h3-T051=\":443\"; ma=2592000,h3-Q050=\":443\"; ma=2592000,h3-Q046=\":443\"; ma=2592000,h3-Q043=\":443\"; ma=2592000,quic=\":443\"; ma=2592000; v=\"46,43\"","accept-ranges":"none","transfer-encoding":"chunked"}
[debug] [2021-05-30T07:28:14.105Z] >>> HTTP REQUEST GET https://cloudfunctions.googleapis.com/v1/operations/d2Vic2l0ZS1mNWRhZi9ldXJvcGUtd2VzdDMvY3JlYXRlTm90aWZpY2F0aW9uT25MaWtlL2VTQVlNN1VsbU5v  
 
[debug] [2021-05-30T07:28:14.138Z] >>> HTTP REQUEST GET https://cloudfunctions.googleapis.com/v1/operations/d2Vic2l0ZS1mNWRhZi9ldXJvcGUtd2VzdDMvZGVsZXRlTm90aWZpY2F0aW9uT25MaWtlL2E5VWdkTEtMSFpR  
 
[debug] [2021-05-30T07:28:14.355Z] >>> HTTP REQUEST GET https://cloudfunctions.googleapis.com/v1/operations/d2Vic2l0ZS1mNWRhZi9ldXJvcGUtd2VzdDMvYXBpL09rS3UzeHRBUWpN  
 
[debug] [2021-05-30T07:28:14.418Z] >>> HTTP REQUEST GET https://cloudfunctions.googleapis.com/v1/operations/d2Vic2l0ZS1mNWRhZi9ldXJvcGUtd2VzdDMvY3JlYXRlTm90aWZpY2F0aW9uT25Db21tZW50L1ItRDRqek9DTFlz  
 
[debug] [2021-05-30T07:28:14.450Z] <<< HTTP RESPONSE 200 {"content-type":"application/json; charset=UTF-8","vary":"X-Origin, Referer, Origin,Accept-Encoding","date":"Sun, 30 May 2021 07:28:14 GMT","server":"ESF","cache-control":"private","x-xss-protection":"0","x-frame-options":"SAMEORIGIN","x-content-type-options":"nosniff","alt-svc":"h3-29=\":443\"; ma=2592000,h3-T051=\":443\"; ma=2592000,h3-Q050=\":443\"; ma=2592000,h3-Q046=\":443\"; ma=2592000,h3-Q043=\":443\"; ma=2592000,quic=\":443\"; ma=2592000; v=\"46,43\"","accept-ranges":"none","transfer-encoding":"chunked"}
[debug] [2021-05-30T07:28:14.472Z] <<< HTTP RESPONSE 200 {"content-type":"application/json; charset=UTF-8","vary":"X-Origin, Referer, Origin,Accept-Encoding","date":"Sun, 30 May 2021 07:28:14 GMT","server":"ESF","cache-control":"private","x-xss-protection":"0","x-frame-options":"SAMEORIGIN","x-content-type-options":"nosniff","alt-svc":"h3-29=\":443\"; ma=2592000,h3-T051=\":443\"; ma=2592000,h3-Q050=\":443\"; ma=2592000,h3-Q046=\":443\"; ma=2592000,h3-Q043=\":443\"; ma=2592000,quic=\":443\"; ma=2592000; v=\"46,43\"","accept-ranges":"none","transfer-encoding":"chunked"}
[debug] [2021-05-30T07:28:14.605Z] >>> HTTP REQUEST GET https://cloudfunctions.googleapis.com/v1/operations/d2Vic2l0ZS1mNWRhZi9ldXJvcGUtd2VzdDMvb25Vc2VySW1hZ2VDaGFuZ2UvdHQ5OGdfaHlXdmc  
 
[debug] [2021-05-30T07:28:14.676Z] <<< HTTP RESPONSE 200 {"content-type":"application/json; charset=UTF-8","vary":"X-Origin, Referer, Origin,Accept-Encoding","date":"Sun, 30 May 2021 07:28:14 GMT","server":"ESF","cache-control":"private","x-xss-protection":"0","x-frame-options":"SAMEORIGIN","x-content-type-options":"nosniff","alt-svc":"h3-29=\":443\"; ma=2592000,h3-T051=\":443\"; ma=2592000,h3-Q050=\":443\"; ma=2592000,h3-Q046=\":443\"; ma=2592000,h3-Q043=\":443\"; ma=2592000,quic=\":443\"; ma=2592000; v=\"46,43\"","accept-ranges":"none","transfer-encoding":"chunked"}
[debug] [2021-05-30T07:28:14.808Z] >>> HTTP REQUEST GET https://cloudfunctions.googleapis.com/v1/operations/d2Vic2l0ZS1mNWRhZi9ldXJvcGUtd2VzdDMvb25TY3JlYW1EZWxldGUvaW5wUjExeXNpV2M  
 
[debug] [2021-05-30T07:28:14.886Z] <<< HTTP RESPONSE 200 {"content-type":"application/json; charset=UTF-8","vary":"X-Origin, Referer, Origin,Accept-Encoding","date":"Sun, 30 May 2021 07:28:14 GMT","server":"ESF","cache-control":"private","x-xss-protection":"0","x-frame-options":"SAMEORIGIN","x-content-type-options":"nosniff","alt-svc":"h3-29=\":443\"; ma=2592000,h3-T051=\":443\"; ma=2592000,h3-Q050=\":443\"; ma=2592000,h3-Q046=\":443\"; ma=2592000,h3-Q043=\":443\"; ma=2592000,quic=\":443\"; ma=2592000; v=\"46,43\"","accept-ranges":"none","transfer-encoding":"chunked"}
[debug] [2021-05-30T07:28:14.932Z] <<< HTTP RESPONSE 200 {"content-type":"application/json; charset=UTF-8","vary":"X-Origin, Referer, Origin,Accept-Encoding","date":"Sun, 30 May 2021 07:28:14 GMT","server":"ESF","cache-control":"private","x-xss-protection":"0","x-frame-options":"SAMEORIGIN","x-content-type-options":"nosniff","alt-svc":"h3-29=\":443\"; ma=2592000,h3-T051=\":443\"; ma=2592000,h3-Q050=\":443\"; ma=2592000,h3-Q046=\":443\"; ma=2592000,h3-Q043=\":443\"; ma=2592000,quic=\":443\"; ma=2592000; v=\"46,43\"","accept-ranges":"none","transfer-encoding":"chunked"}
[debug] [2021-05-30T07:28:15.294Z] <<< HTTP RESPONSE 200 {"content-type":"application/json; charset=UTF-8","vary":"X-Origin, Referer, Origin,Accept-Encoding","date":"Sun, 30 May 2021 07:28:15 GMT","server":"ESF","cache-control":"private","x-xss-protection":"0","x-frame-options":"SAMEORIGIN","x-content-type-options":"nosniff","alt-svc":"h3-29=\":443\"; ma=2592000,h3-T051=\":443\"; ma=2592000,h3-Q050=\":443\"; ma=2592000,h3-Q046=\":443\"; ma=2592000,h3-Q043=\":443\"; ma=2592000,quic=\":443\"; ma=2592000; v=\"46,43\"","accept-ranges":"none","transfer-encoding":"chunked"}
[debug] [2021-05-30T07:28:16.452Z] >>> HTTP REQUEST GET https://cloudfunctions.googleapis.com/v1/operations/d2Vic2l0ZS1mNWRhZi9ldXJvcGUtd2VzdDMvY3JlYXRlTm90aWZpY2F0aW9uT25MaWtlL2VTQVlNN1VsbU5v  
 
[debug] [2021-05-30T07:28:16.473Z] >>> HTTP REQUEST GET https://cloudfunctions.googleapis.com/v1/operations/d2Vic2l0ZS1mNWRhZi9ldXJvcGUtd2VzdDMvZGVsZXRlTm90aWZpY2F0aW9uT25MaWtlL2E5VWdkTEtMSFpR  
 
[debug] [2021-05-30T07:28:16.677Z] >>> HTTP REQUEST GET https://cloudfunctions.googleapis.com/v1/operations/d2Vic2l0ZS1mNWRhZi9ldXJvcGUtd2VzdDMvYXBpL09rS3UzeHRBUWpN  
 
[debug] [2021-05-30T07:28:16.764Z] <<< HTTP RESPONSE 200 {"content-type":"application/json; charset=UTF-8","vary":"X-Origin, Referer, Origin,Accept-Encoding","date":"Sun, 30 May 2021 07:28:16 GMT","server":"ESF","cache-control":"private","x-xss-protection":"0","x-frame-options":"SAMEORIGIN","x-content-type-options":"nosniff","alt-svc":"h3-29=\":443\"; ma=2592000,h3-T051=\":443\"; ma=2592000,h3-Q050=\":443\"; ma=2592000,h3-Q046=\":443\"; ma=2592000,h3-Q043=\":443\"; ma=2592000,quic=\":443\"; ma=2592000; v=\"46,43\"","accept-ranges":"none","transfer-encoding":"chunked"}
[debug] [2021-05-30T07:28:16.837Z] <<< HTTP RESPONSE 200 {"content-type":"application/json; charset=UTF-8","vary":"X-Origin, Referer, Origin,Accept-Encoding","date":"Sun, 30 May 2021 07:28:16 GMT","server":"ESF","cache-control":"private","x-xss-protection":"0","x-frame-options":"SAMEORIGIN","x-content-type-options":"nosniff","alt-svc":"h3-29=\":443\"; ma=2592000,h3-T051=\":443\"; ma=2592000,h3-Q050=\":443\"; ma=2592000,h3-Q046=\":443\"; ma=2592000,h3-Q043=\":443\"; ma=2592000,quic=\":443\"; ma=2592000; v=\"46,43\"","accept-ranges":"none","transfer-encoding":"chunked"}
[debug] [2021-05-30T07:28:16.887Z] >>> HTTP REQUEST GET https://cloudfunctions.googleapis.com/v1/operations/d2Vic2l0ZS1mNWRhZi9ldXJvcGUtd2VzdDMvY3JlYXRlTm90aWZpY2F0aW9uT25Db21tZW50L1ItRDRqek9DTFlz  
 
[debug] [2021-05-30T07:28:16.933Z] >>> HTTP REQUEST GET https://cloudfunctions.googleapis.com/v1/operations/d2Vic2l0ZS1mNWRhZi9ldXJvcGUtd2VzdDMvb25Vc2VySW1hZ2VDaGFuZ2UvdHQ5OGdfaHlXdmc  
 
[debug] [2021-05-30T07:28:17.021Z] <<< HTTP RESPONSE 200 {"content-type":"application/json; charset=UTF-8","vary":"X-Origin, Referer, Origin,Accept-Encoding","date":"Sun, 30 May 2021 07:28:16 GMT","server":"ESF","cache-control":"private","x-xss-protection":"0","x-frame-options":"SAMEORIGIN","x-content-type-options":"nosniff","alt-svc":"h3-29=\":443\"; ma=2592000,h3-T051=\":443\"; ma=2592000,h3-Q050=\":443\"; ma=2592000,h3-Q046=\":443\"; ma=2592000,h3-Q043=\":443\"; ma=2592000,quic=\":443\"; ma=2592000; v=\"46,43\"","accept-ranges":"none","transfer-encoding":"chunked"}
[debug] [2021-05-30T07:28:17.210Z] <<< HTTP RESPONSE 200 {"content-type":"application/json; charset=UTF-8","vary":"X-Origin, Referer, Origin,Accept-Encoding","date":"Sun, 30 May 2021 07:28:16 GMT","server":"ESF","cache-control":"private","x-xss-protection":"0","x-frame-options":"SAMEORIGIN","x-content-type-options":"nosniff","alt-svc":"h3-29=\":443\"; ma=2592000,h3-T051=\":443\"; ma=2592000,h3-Q050=\":443\"; ma=2592000,h3-Q046=\":443\"; ma=2592000,h3-Q043=\":443\"; ma=2592000,quic=\":443\"; ma=2592000; v=\"46,43\"","accept-ranges":"none","transfer-encoding":"chunked"}
[debug] [2021-05-30T07:28:17.297Z] >>> HTTP REQUEST GET https://cloudfunctions.googleapis.com/v1/operations/d2Vic2l0ZS1mNWRhZi9ldXJvcGUtd2VzdDMvb25TY3JlYW1EZWxldGUvaW5wUjExeXNpV2M  
 
[debug] [2021-05-30T07:28:17.409Z] <<< HTTP RESPONSE 200 {"content-type":"application/json; charset=UTF-8","vary":"X-Origin, Referer, Origin,Accept-Encoding","date":"Sun, 30 May 2021 07:28:17 GMT","server":"ESF","cache-control":"private","x-xss-protection":"0","x-frame-options":"SAMEORIGIN","x-content-type-options":"nosniff","alt-svc":"h3-29=\":443\"; ma=2592000,h3-T051=\":443\"; ma=2592000,h3-Q050=\":443\"; ma=2592000,h3-Q046=\":443\"; ma=2592000,h3-Q043=\":443\"; ma=2592000,quic=\":443\"; ma=2592000; v=\"46,43\"","accept-ranges":"none","transfer-encoding":"chunked"}
[debug] [2021-05-30T07:28:17.783Z] <<< HTTP RESPONSE 200 {"content-type":"application/json; charset=UTF-8","vary":"X-Origin, Referer, Origin,Accept-Encoding","date":"Sun, 30 May 2021 07:28:17 GMT","server":"ESF","cache-control":"private","x-xss-protection":"0","x-frame-options":"SAMEORIGIN","x-content-type-options":"nosniff","alt-svc":"h3-29=\":443\"; ma=2592000,h3-T051=\":443\"; ma=2592000,h3-Q050=\":443\"; ma=2592000,h3-Q046=\":443\"; ma=2592000,h3-Q043=\":443\"; ma=2592000,quic=\":443\"; ma=2592000; v=\"46,43\"","accept-ranges":"none","transfer-encoding":"chunked"}
[debug] [2021-05-30T07:28:18.765Z] >>> HTTP REQUEST GET https://cloudfunctions.googleapis.com/v1/operations/d2Vic2l0ZS1mNWRhZi9ldXJvcGUtd2VzdDMvY3JlYXRlTm90aWZpY2F0aW9uT25MaWtlL2VTQVlNN1VsbU5v  
 
[debug] [2021-05-30T07:28:18.839Z] >>> HTTP REQUEST GET https://cloudfunctions.googleapis.com/v1/operations/d2Vic2l0ZS1mNWRhZi9ldXJvcGUtd2VzdDMvZGVsZXRlTm90aWZpY2F0aW9uT25MaWtlL2E5VWdkTEtMSFpR  
 
[debug] [2021-05-30T07:28:19.021Z] >>> HTTP REQUEST GET https://cloudfunctions.googleapis.com/v1/operations/d2Vic2l0ZS1mNWRhZi9ldXJvcGUtd2VzdDMvYXBpL09rS3UzeHRBUWpN  
 
[debug] [2021-05-30T07:28:19.088Z] <<< HTTP RESPONSE 200 {"content-type":"application/json; charset=UTF-8","vary":"X-Origin, Referer, Origin,Accept-Encoding","date":"Sun, 30 May 2021 07:28:18 GMT","server":"ESF","cache-control":"private","x-xss-protection":"0","x-frame-options":"SAMEORIGIN","x-content-type-options":"nosniff","alt-svc":"h3-29=\":443\"; ma=2592000,h3-T051=\":443\"; ma=2592000,h3-Q050=\":443\"; ma=2592000,h3-Q046=\":443\"; ma=2592000,h3-Q043=\":443\"; ma=2592000,quic=\":443\"; ma=2592000; v=\"46,43\"","accept-ranges":"none","transfer-encoding":"chunked"}
[debug] [2021-05-30T07:28:19.211Z] >>> HTTP REQUEST GET https://cloudfunctions.googleapis.com/v1/operations/d2Vic2l0ZS1mNWRhZi9ldXJvcGUtd2VzdDMvY3JlYXRlTm90aWZpY2F0aW9uT25Db21tZW50L1ItRDRqek9DTFlz  
 
[debug] [2021-05-30T07:28:19.340Z] <<< HTTP RESPONSE 200 {"content-type":"application/json; charset=UTF-8","vary":"X-Origin, Referer, Origin,Accept-Encoding","date":"Sun, 30 May 2021 07:28:19 GMT","server":"ESF","cache-control":"private","x-xss-protection":"0","x-frame-options":"SAMEORIGIN","x-content-type-options":"nosniff","alt-svc":"h3-29=\":443\"; ma=2592000,h3-T051=\":443\"; ma=2592000,h3-Q050=\":443\"; ma=2592000,h3-Q046=\":443\"; ma=2592000,h3-Q043=\":443\"; ma=2592000,quic=\":443\"; ma=2592000; v=\"46,43\"","accept-ranges":"none","transfer-encoding":"chunked"}
[debug] [2021-05-30T07:28:19.410Z] >>> HTTP REQUEST GET https://cloudfunctions.googleapis.com/v1/operations/d2Vic2l0ZS1mNWRhZi9ldXJvcGUtd2VzdDMvb25Vc2VySW1hZ2VDaGFuZ2UvdHQ5OGdfaHlXdmc  
 
[debug] [2021-05-30T07:28:19.494Z] <<< HTTP RESPONSE 200 {"content-type":"application/json; charset=UTF-8","vary":"X-Origin, Referer, Origin,Accept-Encoding","date":"Sun, 30 May 2021 07:28:19 GMT","server":"ESF","cache-control":"private","x-xss-protection":"0","x-frame-options":"SAMEORIGIN","x-content-type-options":"nosniff","alt-svc":"h3-29=\":443\"; ma=2592000,h3-T051=\":443\"; ma=2592000,h3-Q050=\":443\"; ma=2592000,h3-Q046=\":443\"; ma=2592000,h3-Q043=\":443\"; ma=2592000,quic=\":443\"; ma=2592000; v=\"46,43\"","accept-ranges":"none","transfer-encoding":"chunked"}
[debug] [2021-05-30T07:28:19.697Z] <<< HTTP RESPONSE 200 {"content-type":"application/json; charset=UTF-8","vary":"X-Origin, Referer, Origin,Accept-Encoding","date":"Sun, 30 May 2021 07:28:19 GMT","server":"ESF","cache-control":"private","x-xss-protection":"0","x-frame-options":"SAMEORIGIN","x-content-type-options":"nosniff","alt-svc":"h3-29=\":443\"; ma=2592000,h3-T051=\":443\"; ma=2592000,h3-Q050=\":443\"; ma=2592000,h3-Q046=\":443\"; ma=2592000,h3-Q043=\":443\"; ma=2592000,quic=\":443\"; ma=2592000; v=\"46,43\"","accept-ranges":"none","transfer-encoding":"chunked"}
[debug] [2021-05-30T07:28:19.797Z] >>> HTTP REQUEST GET https://cloudfunctions.googleapis.com/v1/operations/d2Vic2l0ZS1mNWRhZi9ldXJvcGUtd2VzdDMvb25TY3JlYW1EZWxldGUvaW5wUjExeXNpV2M  
 
[debug] [2021-05-30T07:28:19.917Z] <<< HTTP RESPONSE 200 {"content-type":"application/json; charset=UTF-8","vary":"X-Origin, Referer, Origin,Accept-Encoding","date":"Sun, 30 May 2021 07:28:19 GMT","server":"ESF","cache-control":"private","x-xss-protection":"0","x-frame-options":"SAMEORIGIN","x-content-type-options":"nosniff","alt-svc":"h3-29=\":443\"; ma=2592000,h3-T051=\":443\"; ma=2592000,h3-Q050=\":443\"; ma=2592000,h3-Q046=\":443\"; ma=2592000,h3-Q043=\":443\"; ma=2592000,quic=\":443\"; ma=2592000; v=\"46,43\"","accept-ranges":"none","transfer-encoding":"chunked"}
[debug] [2021-05-30T07:28:20.115Z] <<< HTTP RESPONSE 200 {"content-type":"application/json; charset=UTF-8","vary":"X-Origin, Referer, Origin,Accept-Encoding","date":"Sun, 30 May 2021 07:28:19 GMT","server":"ESF","cache-control":"private","x-xss-protection":"0","x-frame-options":"SAMEORIGIN","x-content-type-options":"nosniff","alt-svc":"h3-29=\":443\"; ma=2592000,h3-T051=\":443\"; ma=2592000,h3-Q050=\":443\"; ma=2592000,h3-Q046=\":443\"; ma=2592000,h3-Q043=\":443\"; ma=2592000,quic=\":443\"; ma=2592000; v=\"46,43\"","accept-ranges":"none","transfer-encoding":"chunked"}
[debug] [2021-05-30T07:28:21.093Z] >>> HTTP REQUEST GET https://cloudfunctions.googleapis.com/v1/operations/d2Vic2l0ZS1mNWRhZi9ldXJvcGUtd2VzdDMvY3JlYXRlTm90aWZpY2F0aW9uT25MaWtlL2VTQVlNN1VsbU5v  
 
[debug] [2021-05-30T07:28:21.343Z] >>> HTTP REQUEST GET https://cloudfunctions.googleapis.com/v1/operations/d2Vic2l0ZS1mNWRhZi9ldXJvcGUtd2VzdDMvZGVsZXRlTm90aWZpY2F0aW9uT25MaWtlL2E5VWdkTEtMSFpR  
 
[debug] [2021-05-30T07:28:21.414Z] <<< HTTP RESPONSE 200 {"content-type":"application/json; charset=UTF-8","vary":"X-Origin, Referer, Origin,Accept-Encoding","date":"Sun, 30 May 2021 07:28:21 GMT","server":"ESF","cache-control":"private","x-xss-protection":"0","x-frame-options":"SAMEORIGIN","x-content-type-options":"nosniff","alt-svc":"h3-29=\":443\"; ma=2592000,h3-T051=\":443\"; ma=2592000,h3-Q050=\":443\"; ma=2592000,h3-Q046=\":443\"; ma=2592000,h3-Q043=\":443\"; ma=2592000,quic=\":443\"; ma=2592000; v=\"46,43\"","accept-ranges":"none","transfer-encoding":"chunked"}
[debug] [2021-05-30T07:28:21.512Z] >>> HTTP REQUEST GET https://cloudfunctions.googleapis.com/v1/operations/d2Vic2l0ZS1mNWRhZi9ldXJvcGUtd2VzdDMvYXBpL09rS3UzeHRBUWpN  
 
[debug] [2021-05-30T07:28:21.700Z] >>> HTTP REQUEST GET https://cloudfunctions.googleapis.com/v1/operations/d2Vic2l0ZS1mNWRhZi9ldXJvcGUtd2VzdDMvY3JlYXRlTm90aWZpY2F0aW9uT25Db21tZW50L1ItRDRqek9DTFlz  
 
[debug] [2021-05-30T07:28:21.846Z] <<< HTTP RESPONSE 200 {"content-type":"application/json; charset=UTF-8","vary":"X-Origin, Referer, Origin,Accept-Encoding","date":"Sun, 30 May 2021 07:28:21 GMT","server":"ESF","cache-control":"private","x-xss-protection":"0","x-frame-options":"SAMEORIGIN","x-content-type-options":"nosniff","alt-svc":"h3-29=\":443\"; ma=2592000,h3-T051=\":443\"; ma=2592000,h3-Q050=\":443\"; ma=2592000,h3-Q046=\":443\"; ma=2592000,h3-Q043=\":443\"; ma=2592000,quic=\":443\"; ma=2592000; v=\"46,43\"","accept-ranges":"none","transfer-encoding":"chunked"}
[debug] [2021-05-30T07:28:21.919Z] >>> HTTP REQUEST GET https://cloudfunctions.googleapis.com/v1/operations/d2Vic2l0ZS1mNWRhZi9ldXJvcGUtd2VzdDMvb25Vc2VySW1hZ2VDaGFuZ2UvdHQ5OGdfaHlXdmc  
 
[debug] [2021-05-30T07:28:22.121Z] >>> HTTP REQUEST GET https://cloudfunctions.googleapis.com/v1/operations/d2Vic2l0ZS1mNWRhZi9ldXJvcGUtd2VzdDMvb25TY3JlYW1EZWxldGUvaW5wUjExeXNpV2M  
 
[debug] [2021-05-30T07:28:22.184Z] <<< HTTP RESPONSE 200 {"content-type":"application/json; charset=UTF-8","vary":"X-Origin, Referer, Origin,Accept-Encoding","date":"Sun, 30 May 2021 07:28:21 GMT","server":"ESF","cache-control":"private","x-xss-protection":"0","x-frame-options":"SAMEORIGIN","x-content-type-options":"nosniff","alt-svc":"h3-29=\":443\"; ma=2592000,h3-T051=\":443\"; ma=2592000,h3-Q050=\":443\"; ma=2592000,h3-Q046=\":443\"; ma=2592000,h3-Q043=\":443\"; ma=2592000,quic=\":443\"; ma=2592000; v=\"46,43\"","accept-ranges":"none","transfer-encoding":"chunked"}
[debug] [2021-05-30T07:28:22.241Z] <<< HTTP RESPONSE 200 {"content-type":"application/json; charset=UTF-8","vary":"X-Origin, Referer, Origin,Accept-Encoding","date":"Sun, 30 May 2021 07:28:21 GMT","server":"ESF","cache-control":"private","x-xss-protection":"0","x-frame-options":"SAMEORIGIN","x-content-type-options":"nosniff","alt-svc":"h3-29=\":443\"; ma=2592000,h3-T051=\":443\"; ma=2592000,h3-Q050=\":443\"; ma=2592000,h3-Q046=\":443\"; ma=2592000,h3-Q043=\":443\"; ma=2592000,quic=\":443\"; ma=2592000; v=\"46,43\"","accept-ranges":"none","transfer-encoding":"chunked"}
[debug] [2021-05-30T07:28:22.315Z] <<< HTTP RESPONSE 200 {"content-type":"application/json; charset=UTF-8","vary":"X-Origin, Referer, Origin,Accept-Encoding","date":"Sun, 30 May 2021 07:28:22 GMT","server":"ESF","cache-control":"private","x-xss-protection":"0","x-frame-options":"SAMEORIGIN","x-content-type-options":"nosniff","alt-svc":"h3-29=\":443\"; ma=2592000,h3-T051=\":443\"; ma=2592000,h3-Q050=\":443\"; ma=2592000,h3-Q046=\":443\"; ma=2592000,h3-Q043=\":443\"; ma=2592000,quic=\":443\"; ma=2592000; v=\"46,43\"","accept-ranges":"none","transfer-encoding":"chunked"}
[debug] [2021-05-30T07:28:22.443Z] <<< HTTP RESPONSE 200 {"content-type":"application/json; charset=UTF-8","vary":"X-Origin, Referer, Origin,Accept-Encoding","date":"Sun, 30 May 2021 07:28:22 GMT","server":"ESF","cache-control":"private","x-xss-protection":"0","x-frame-options":"SAMEORIGIN","x-content-type-options":"nosniff","alt-svc":"h3-29=\":443\"; ma=2592000,h3-T051=\":443\"; ma=2592000,h3-Q050=\":443\"; ma=2592000,h3-Q046=\":443\"; ma=2592000,h3-Q043=\":443\"; ma=2592000,quic=\":443\"; ma=2592000; v=\"46,43\"","accept-ranges":"none","transfer-encoding":"chunked"}
